[debug] [2025-08-26T07:25:04.683Z] ----------------------------------------------------------------------
[debug] [2025-08-26T07:25:04.684Z] Command:       C:\Program Files\nodejs\node.exe C:\Users\princ\AppData\Roaming\npm\node_modules\firebase-tools\lib\bin\firebase.js deploy --only functions:syncGoogleSheetsToFirestoreV4
[debug] [2025-08-26T07:25:04.685Z] CLI Version:   14.12.0
[debug] [2025-08-26T07:25:04.685Z] Platform:      win32
[debug] [2025-08-26T07:25:04.685Z] Node Version:  v22.14.0
[debug] [2025-08-26T07:25:04.685Z] Time:          Tue Aug 26 2025 15:25:04 GMT+0800 (台北標準時間)
[debug] [2025-08-26T07:25:04.685Z] ----------------------------------------------------------------------
[debug] 
[debug] [2025-08-26T07:25:04.791Z] > command requires scopes: ["email","openid","https://www.googleapis.com/auth/cloudplatformprojects.readonly","https://www.googleapis.com/auth/firebase","https://www.googleapis.com/auth/cloud-platform"]
[debug] [2025-08-26T07:25:04.792Z] > authorizing via signed-in user (web@bright-edu.com)
[debug] [2025-08-26T07:25:04.792Z] [iam] checking project bright-edu-data for permissions ["cloudfunctions.functions.create","cloudfunctions.functions.delete","cloudfunctions.functions.get","cloudfunctions.functions.list","cloudfunctions.functions.update","cloudfunctions.operations.get","firebase.projects.get"]
[debug] [2025-08-26T07:25:04.792Z] Checked if tokens are valid: true, expires at: 1756195229509
[debug] [2025-08-26T07:25:04.792Z] Checked if tokens are valid: true, expires at: 1756195229509
[debug] [2025-08-26T07:25:04.793Z] >>> [apiv2][query] POST https://cloudresourcemanager.googleapis.com/v1/projects/bright-edu-data:testIamPermissions [none]
[debug] [2025-08-26T07:25:04.793Z] >>> [apiv2][(partial)header] POST https://cloudresourcemanager.googleapis.com/v1/projects/bright-edu-data:testIamPermissions x-goog-quota-user=projects/bright-edu-data
[debug] [2025-08-26T07:25:04.793Z] >>> [apiv2][body] POST https://cloudresourcemanager.googleapis.com/v1/projects/bright-edu-data:testIamPermissions {"permissions":["cloudfunctions.functions.create","cloudfunctions.functions.delete","cloudfunctions.functions.get","cloudfunctions.functions.list","cloudfunctions.functions.update","cloudfunctions.operations.get","firebase.projects.get"]}
[debug] [2025-08-26T07:25:05.016Z] <<< [apiv2][status] POST https://cloudresourcemanager.googleapis.com/v1/projects/bright-edu-data:testIamPermissions 200
[debug] [2025-08-26T07:25:05.016Z] <<< [apiv2][body] POST https://cloudresourcemanager.googleapis.com/v1/projects/bright-edu-data:testIamPermissions {"permissions":["cloudfunctions.functions.create","cloudfunctions.functions.delete","cloudfunctions.functions.get","cloudfunctions.functions.list","cloudfunctions.functions.update","cloudfunctions.operations.get","firebase.projects.get"]}
[debug] [2025-08-26T07:25:05.016Z] Checked if tokens are valid: true, expires at: 1756195229509
[debug] [2025-08-26T07:25:05.016Z] Checked if tokens are valid: true, expires at: 1756195229509
[debug] [2025-08-26T07:25:05.016Z] >>> [apiv2][query] POST https://iam.googleapis.com/v1/projects/bright-edu-data/serviceAccounts/bright-edu-data@appspot.gserviceaccount.com:testIamPermissions [none]
[debug] [2025-08-26T07:25:05.016Z] >>> [apiv2][body] POST https://iam.googleapis.com/v1/projects/bright-edu-data/serviceAccounts/bright-edu-data@appspot.gserviceaccount.com:testIamPermissions {"permissions":["iam.serviceAccounts.actAs"]}
[debug] [2025-08-26T07:25:06.041Z] <<< [apiv2][status] POST https://iam.googleapis.com/v1/projects/bright-edu-data/serviceAccounts/bright-edu-data@appspot.gserviceaccount.com:testIamPermissions 200
[debug] [2025-08-26T07:25:06.041Z] <<< [apiv2][body] POST https://iam.googleapis.com/v1/projects/bright-edu-data/serviceAccounts/bright-edu-data@appspot.gserviceaccount.com:testIamPermissions {"permissions":["iam.serviceAccounts.actAs"]}
[info] 
[info] === Deploying to 'bright-edu-data'...
[info] 
[info] i  deploying functions 
[debug] [2025-08-26T07:25:06.043Z] Checked if tokens are valid: true, expires at: 1756195229509
[debug] [2025-08-26T07:25:06.043Z] Checked if tokens are valid: true, expires at: 1756195229509
[debug] [2025-08-26T07:25:06.043Z] >>> [apiv2][query] GET https://cloudresourcemanager.googleapis.com/v1/projects/bright-edu-data [none]
[debug] [2025-08-26T07:25:06.262Z] <<< [apiv2][status] GET https://cloudresourcemanager.googleapis.com/v1/projects/bright-edu-data 200
[debug] [2025-08-26T07:25:06.262Z] <<< [apiv2][body] GET https://cloudresourcemanager.googleapis.com/v1/projects/bright-edu-data {"projectNumber":"156805168089","projectId":"bright-edu-data","lifecycleState":"ACTIVE","name":"bright-edu-data","labels":{"firebase":"enabled","firebase-core":"disabled"},"createTime":"2025-07-08T01:26:28.545147Z","parent":{"type":"organization","id":"525544278697"}}
[info] i  functions: preparing codebase default for deployment 
[info] i  functions: ensuring required API cloudfunctions.googleapis.com is enabled... 
[info] i  functions: ensuring required API cloudbuild.googleapis.com is enabled... 
[info] i  artifactregistry: ensuring required API artifactregistry.googleapis.com is enabled... 
[debug] [2025-08-26T07:25:06.264Z] Checked if tokens are valid: true, expires at: 1756195229509
[debug] [2025-08-26T07:25:06.264Z] Checked if tokens are valid: true, expires at: 1756195229509
[debug] [2025-08-26T07:25:06.264Z] >>> [apiv2][query] GET https://firebase.googleapis.com/v1beta1/projects/bright-edu-data/adminSdkConfig [none]
[debug] [2025-08-26T07:25:06.490Z] <<< [apiv2][status] GET https://firebase.googleapis.com/v1beta1/projects/bright-edu-data/adminSdkConfig 200
[debug] [2025-08-26T07:25:06.490Z] <<< [apiv2][body] GET https://firebase.googleapis.com/v1beta1/projects/bright-edu-data/adminSdkConfig {"projectId":"bright-edu-data","storageBucket":"bright-edu-data.firebasestorage.app"}
[debug] [2025-08-26T07:25:06.490Z] Checked if tokens are valid: true, expires at: 1756195229509
[debug] [2025-08-26T07:25:06.490Z] Checked if tokens are valid: true, expires at: 1756195229509
[debug] [2025-08-26T07:25:06.490Z] >>> [apiv2][query] GET https://runtimeconfig.googleapis.com/v1beta1/projects/bright-edu-data/configs [none]
[debug] [2025-08-26T07:25:06.860Z] <<< [apiv2][status] GET https://runtimeconfig.googleapis.com/v1beta1/projects/bright-edu-data/configs 200
[debug] [2025-08-26T07:25:06.860Z] <<< [apiv2][body] GET https://runtimeconfig.googleapis.com/v1beta1/projects/bright-edu-data/configs {}
[debug] [2025-08-26T07:25:06.861Z] Validating nodejs source
[debug] [2025-08-26T07:25:07.292Z] > [functions] package.json contents: {
  "name": "bright-edu-functions",
  "version": "1.0.0",
  "engines": {
    "node": "20"
  },
  "main": "index.js",
  "private": true,
  "dependencies": {
    "cors": "^2.8.5",
    "firebase-admin": "^12.0.0",
    "firebase-functions": "^6.4.0",
    "googleapis": "^137.0.0"
  }
}
[debug] [2025-08-26T07:25:07.292Z] Building nodejs source
[info] i  functions: Loading and analyzing source code for codebase default to determine what to deploy 
[debug] [2025-08-26T07:25:07.293Z] Could not find functions.yaml. Must use http discovery
[debug] [2025-08-26T07:25:07.298Z] Found firebase-functions binary at 'C:\Users\princ\Documents\GitHub\bright-edu\functions\node_modules\.bin\firebase-functions'
[info] Serving at port 8187

[debug] [2025-08-26T07:25:08.072Z] Got response from /__/functions.yaml {"endpoints":{"batchAddUsers":{"availableMemoryMb":null,"timeoutSeconds":null,"minInstances":null,"maxInstances":null,"ingressSettings":null,"concurrency":null,"serviceAccountEmail":null,"vpc":null,"platform":"gcfv2","region":["asia-east1"],"labels":{},"callableTrigger":{},"entryPoint":"batchAddUsers"},"validateNewUserOnCreate":{"availableMemoryMb":null,"timeoutSeconds":null,"minInstances":null,"maxInstances":null,"ingressSettings":null,"concurrency":null,"serviceAccountEmail":null,"vpc":null,"platform":"gcfv2","region":["asia-east1"],"labels":{},"eventTrigger":{"eventType":"google.cloud.firestore.document.v1.created","eventFilters":{"database":"(default)","namespace":"(default)"},"eventFilterPathPatterns":{},"retry":false},"entryPoint":"validateNewUserOnCreate"},"syncGoogleSheetsToFirestoreV2":{"availableMemoryMb":null,"timeoutSeconds":null,"minInstances":null,"maxInstances":null,"ingressSettings":null,"concurrency":null,"serviceAccountEmail":null,"vpc":null,"platform":"gcfv2","region":["asia-east1"],"labels":{},"httpsTrigger":{},"entryPoint":"syncGoogleSheetsToFirestoreV2"},"syncGoogleSheetsToFirestoreV4":{"availableMemoryMb":null,"timeoutSeconds":null,"minInstances":null,"maxInstances":null,"ingressSettings":null,"concurrency":null,"serviceAccountEmail":null,"vpc":null,"platform":"gcfv2","region":["asia-east1"],"labels":{},"httpsTrigger":{},"entryPoint":"syncGoogleSheetsToFirestoreV4"},"syncGoogleSheetsToFirestoreV3":{"availableMemoryMb":null,"timeoutSeconds":null,"minInstances":null,"maxInstances":null,"ingressSettings":null,"concurrency":null,"serviceAccountEmail":null,"vpc":null,"platform":"gcfv2","region":["asia-east1"],"labels":{},"httpsTrigger":{},"entryPoint":"syncGoogleSheetsToFirestoreV3"}},"specVersion":"v1alpha1","requiredAPIs":[],"extensions":{}}
[info] i  extensions: ensuring required API firebaseextensions.googleapis.com is enabled... 
[debug] [2025-08-26T07:25:12.100Z] > command requires scopes: ["email","openid","https://www.googleapis.com/auth/cloudplatformprojects.readonly","https://www.googleapis.com/auth/firebase","https://www.googleapis.com/auth/cloud-platform"]
[debug] [2025-08-26T07:25:12.100Z] > authorizing via signed-in user (web@bright-edu.com)
[debug] [2025-08-26T07:25:12.100Z] [iam] checking project bright-edu-data for permissions ["firebase.projects.get","firebaseextensions.instances.list"]
[debug] [2025-08-26T07:25:12.100Z] Checked if tokens are valid: true, expires at: 1756195229509
[debug] [2025-08-26T07:25:12.100Z] Checked if tokens are valid: true, expires at: 1756195229509
[debug] [2025-08-26T07:25:12.101Z] >>> [apiv2][query] POST https://cloudresourcemanager.googleapis.com/v1/projects/bright-edu-data:testIamPermissions [none]
[debug] [2025-08-26T07:25:12.101Z] >>> [apiv2][(partial)header] POST https://cloudresourcemanager.googleapis.com/v1/projects/bright-edu-data:testIamPermissions x-goog-quota-user=projects/bright-edu-data
[debug] [2025-08-26T07:25:12.101Z] >>> [apiv2][body] POST https://cloudresourcemanager.googleapis.com/v1/projects/bright-edu-data:testIamPermissions {"permissions":["firebase.projects.get","firebaseextensions.instances.list"]}
[debug] [2025-08-26T07:25:12.302Z] <<< [apiv2][status] POST https://cloudresourcemanager.googleapis.com/v1/projects/bright-edu-data:testIamPermissions 200
[debug] [2025-08-26T07:25:12.302Z] <<< [apiv2][body] POST https://cloudresourcemanager.googleapis.com/v1/projects/bright-edu-data:testIamPermissions {"permissions":["firebase.projects.get","firebaseextensions.instances.list"]}
[debug] [2025-08-26T07:25:12.302Z] Checked if tokens are valid: true, expires at: 1756195229509
[debug] [2025-08-26T07:25:12.302Z] Checked if tokens are valid: true, expires at: 1756195229509
[debug] [2025-08-26T07:25:12.302Z] >>> [apiv2][query] GET https://firebaseextensions.googleapis.com/v1beta/projects/bright-edu-data/instances pageSize=100&pageToken=
[debug] [2025-08-26T07:25:13.309Z] <<< [apiv2][status] GET https://firebaseextensions.googleapis.com/v1beta/projects/bright-edu-data/instances 200
[debug] [2025-08-26T07:25:13.309Z] <<< [apiv2][body] GET https://firebaseextensions.googleapis.com/v1beta/projects/bright-edu-data/instances {}
[info] i  functions: preparing functions directory for uploading... 
[info] i  functions: packaged C:\Users\princ\Documents\GitHub\bright-edu\functions (36.49 KB) for uploading 
[debug] [2025-08-26T07:25:13.328Z] Checked if tokens are valid: true, expires at: 1756195229509
[debug] [2025-08-26T07:25:13.328Z] Checked if tokens are valid: true, expires at: 1756195229509
[debug] [2025-08-26T07:25:13.328Z] >>> [apiv2][query] GET https://cloudfunctions.googleapis.com/v1/projects/bright-edu-data/locations/-/functions [none]
[debug] [2025-08-26T07:25:14.152Z] <<< [apiv2][status] GET https://cloudfunctions.googleapis.com/v1/projects/bright-edu-data/locations/-/functions 200
[debug] [2025-08-26T07:25:14.152Z] <<< [apiv2][body] GET https://cloudfunctions.googleapis.com/v1/projects/bright-edu-data/locations/-/functions {}
[debug] [2025-08-26T07:25:14.153Z] Checked if tokens are valid: true, expires at: 1756195229509
[debug] [2025-08-26T07:25:14.153Z] Checked if tokens are valid: true, expires at: 1756195229509
[debug] [2025-08-26T07:25:14.153Z] >>> [apiv2][query] GET https://cloudfunctions.googleapis.com/v2/projects/bright-edu-data/locations/-/functions filter=environment%3D%22GEN_2%22
[debug] [2025-08-26T07:25:15.429Z] <<< [apiv2][status] GET https://cloudfunctions.googleapis.com/v2/projects/bright-edu-data/locations/-/functions 200
[debug] [2025-08-26T07:25:15.429Z] <<< [apiv2][body] GET https://cloudfunctions.googleapis.com/v2/projects/bright-edu-data/locations/-/functions {"functions":[{"name":"projects/bright-edu-data/locations/asia-east1/functions/batchAddUsers","buildConfig":{"build":"projects/156805168089/locations/asia-east1/builds/379d91a2-ccce-4a8d-a320-6661fb9534d1","runtime":"nodejs20","entryPoint":"batchAddUsers","source":{"storageSource":{"bucket":"gcf-v2-sources-156805168089-asia-east1","object":"batchAddUsers/function-source.zip","generation":"1756188597690876"}},"environmentVariables":{"GOOGLE_NODE_RUN_SCRIPTS":""},"dockerRepository":"projects/bright-edu-data/locations/asia-east1/repositories/gcf-artifacts","sourceProvenance":{"resolvedStorageSource":{"bucket":"gcf-v2-sources-156805168089-asia-east1","object":"batchAddUsers/function-source.zip","generation":"1756188597690876"}},"dockerRegistry":"ARTIFACT_REGISTRY","serviceAccount":"projects/bright-edu-data/serviceAccounts/156805168089-compute@developer.gserviceaccount.com","automaticUpdatePolicy":{}},"serviceConfig":{"service":"projects/bright-edu-data/locations/asia-east1/services/batchaddusers","timeoutSeconds":60,"environmentVariables":{"FIREBASE_CONFIG":"{\"projectId\":\"bright-edu-data\",\"storageBucket\":\"bright-edu-data.firebasestorage.app\"}","GCLOUD_PROJECT":"bright-edu-data","EVENTARC_CLOUD_EVENT_SOURCE":"projects/bright-edu-data/locations/asia-east1/services/batchAddUsers","FUNCTION_TARGET":"batchAddUsers","LOG_EXECUTION_ID":"true","FUNCTION_SIGNATURE_TYPE":"http"},"maxInstanceCount":20,"ingressSettings":"ALLOW_ALL","uri":"https://batchaddusers-e6ubda5zsa-de.a.run.app","serviceAccountEmail":"156805168089-compute@developer.gserviceaccount.com","availableMemory":"256Mi","allTrafficOnLatestRevision":true,"revision":"batchaddusers-00003-fih","maxInstanceRequestConcurrency":80,"availableCpu":"1"},"state":"ACTIVE","updateTime":"2025-08-26T06:10:07.044852812Z","labels":{"deployment-callable":"true","firebase-functions-hash":"9f9a9c11d7ecdf5208a4a1c9b681341b721795e5","deployment-tool":"cli-firebase"},"environment":"GEN_2","url":"https://asia-east1-bright-edu-data.cloudfunctions.net/batchAddUsers","createTime":"2025-08-11T06:34:36.164257979Z","satisfiesPzi":true},{"name":"projects/bright-edu-data/locations/asia-east1/functions/syncGoogleSheetsToFirestore","buildConfig":{"build":"projects/156805168089/locations/asia-east1/builds/70d47af7-65d0-453d-ae5d-b6ca490c734e","runtime":"nodejs20","entryPoint":"syncGoogleSheetsToFirestore","source":{"storageSource":{"bucket":"gcf-v2-sources-156805168089-asia-east1","object":"syncGoogleSheetsToFirestore/function-source.zip","generation":"1756189517500414"}},"environmentVariables":{"GOOGLE_NODE_RUN_SCRIPTS":""},"dockerRepository":"projects/bright-edu-data/locations/asia-east1/repositories/gcf-artifacts","sourceProvenance":{"resolvedStorageSource":{"bucket":"gcf-v2-sources-156805168089-asia-east1","object":"syncGoogleSheetsToFirestore/function-source.zip","generation":"1756189517500414"}},"dockerRegistry":"ARTIFACT_REGISTRY","serviceAccount":"projects/bright-edu-data/serviceAccounts/156805168089-compute@developer.gserviceaccount.com","automaticUpdatePolicy":{}},"serviceConfig":{"service":"projects/bright-edu-data/locations/asia-east1/services/syncgooglesheetstofirestore","timeoutSeconds":60,"environmentVariables":{"FIREBASE_CONFIG":"{\"projectId\":\"bright-edu-data\",\"storageBucket\":\"bright-edu-data.firebasestorage.app\"}","GCLOUD_PROJECT":"bright-edu-data","EVENTARC_CLOUD_EVENT_SOURCE":"projects/bright-edu-data/locations/asia-east1/services/syncGoogleSheetsToFirestore","FUNCTION_TARGET":"syncGoogleSheetsToFirestore","LOG_EXECUTION_ID":"true"},"maxInstanceCount":20,"ingressSettings":"ALLOW_ALL","uri":"https://syncgooglesheetstofirestore-e6ubda5zsa-de.a.run.app","serviceAccountEmail":"156805168089-compute@developer.gserviceaccount.com","availableMemory":"256Mi","allTrafficOnLatestRevision":true,"revision":"syncgooglesheetstofirestore-00003-hug","maxInstanceRequestConcurrency":80,"availableCpu":"1"},"state":"ACTIVE","updateTime":"2025-08-26T06:26:20.881397440Z","labels":{"firebase-functions-hash":"6aacd5d6264187032c1ac966577805fcd0203344","deployment-tool":"cli-firebase","deployment-callable":"true"},"environment":"GEN_2","url":"https://asia-east1-bright-edu-data.cloudfunctions.net/syncGoogleSheetsToFirestore","createTime":"2025-08-26T06:08:49.598627598Z","satisfiesPzi":true},{"name":"projects/bright-edu-data/locations/asia-east1/functions/validateNewUserOnCreate","buildConfig":{"build":"projects/156805168089/locations/asia-east1/builds/379d91a2-ccce-4a8d-a320-6661fb9534d1","runtime":"nodejs20","entryPoint":"validateNewUserOnCreate","source":{"storageSource":{"bucket":"gcf-v2-sources-156805168089-asia-east1","object":"validateNewUserOnCreate/function-source.zip","generation":"1756188597334726"}},"environmentVariables":{"GOOGLE_NODE_RUN_SCRIPTS":""},"dockerRepository":"projects/bright-edu-data/locations/asia-east1/repositories/gcf-artifacts","sourceProvenance":{"resolvedStorageSource":{"bucket":"gcf-v2-sources-156805168089-asia-east1","object":"validateNewUserOnCreate/function-source.zip","generation":"1756188597334726"}},"dockerRegistry":"ARTIFACT_REGISTRY","serviceAccount":"projects/bright-edu-data/serviceAccounts/156805168089-compute@developer.gserviceaccount.com","automaticUpdatePolicy":{}},"serviceConfig":{"service":"projects/bright-edu-data/locations/asia-east1/services/validatenewuseroncreate","timeoutSeconds":60,"environmentVariables":{"FIREBASE_CONFIG":"{\"projectId\":\"bright-edu-data\",\"storageBucket\":\"bright-edu-data.firebasestorage.app\"}","GCLOUD_PROJECT":"bright-edu-data","EVENTARC_CLOUD_EVENT_SOURCE":"projects/bright-edu-data/locations/asia-east1/services/validateNewUserOnCreate","FUNCTION_SIGNATURE_TYPE":"cloudevent","FUNCTION_TARGET":"validateNewUserOnCreate","LOG_EXECUTION_ID":"true"},"maxInstanceCount":20,"ingressSettings":"ALLOW_ALL","uri":"https://validatenewuseroncreate-e6ubda5zsa-de.a.run.app","serviceAccountEmail":"156805168089-compute@developer.gserviceaccount.com","availableMemory":"256Mi","allTrafficOnLatestRevision":true,"revision":"validatenewuseroncreate-00004-per","maxInstanceRequestConcurrency":80,"availableCpu":"1"},"eventTrigger":{"trigger":"projects/bright-edu-data/locations/asia-east1/triggers/validatenewuseroncreate-706403","triggerRegion":"asia-east1","eventType":"google.cloud.firestore.document.v1.created","eventFilters":[{"attribute":"database","value":"(default)"},{"attribute":"namespace","value":"(default)"}],"pubsubTopic":"projects/bright-edu-data/topics/eventarc-asia-east1-validatenewuseroncreate-706403-332","serviceAccountEmail":"156805168089-compute@developer.gserviceaccount.com","retryPolicy":"RETRY_POLICY_DO_NOT_RETRY"},"state":"ACTIVE","updateTime":"2025-08-26T06:10:07.381005347Z","labels":{"deployment-tool":"cli-firebase","firebase-functions-hash":"9f9a9c11d7ecdf5208a4a1c9b681341b721795e5"},"environment":"GEN_2","url":"https://asia-east1-bright-edu-data.cloudfunctions.net/validateNewUserOnCreate","createTime":"2025-08-11T07:15:23.798479979Z","satisfiesPzi":true},{"name":"projects/bright-edu-data/locations/asia-east1/functions/syncGoogleSheetsToFirestoreV3","buildConfig":{"build":"projects/156805168089/locations/asia-east1/builds/116d4678-85a8-40c7-83b9-a246de037f97","runtime":"nodejs20","entryPoint":"syncGoogleSheetsToFirestoreV3","source":{"storageSource":{"bucket":"gcf-v2-sources-156805168089-asia-east1","object":"syncGoogleSheetsToFirestoreV3/function-source.zip","generation":"1756192793999061"}},"environmentVariables":{"GOOGLE_NODE_RUN_SCRIPTS":""},"dockerRepository":"projects/bright-edu-data/locations/asia-east1/repositories/gcf-artifacts","sourceProvenance":{"resolvedStorageSource":{"bucket":"gcf-v2-sources-156805168089-asia-east1","object":"syncGoogleSheetsToFirestoreV3/function-source.zip","generation":"1756192793999061"}},"dockerRegistry":"ARTIFACT_REGISTRY","serviceAccount":"projects/bright-edu-data/serviceAccounts/156805168089-compute@developer.gserviceaccount.com","automaticUpdatePolicy":{}},"serviceConfig":{"service":"projects/bright-edu-data/locations/asia-east1/services/syncgooglesheetstofirestorev3","timeoutSeconds":60,"environmentVariables":{"FIREBASE_CONFIG":"{\"projectId\":\"bright-edu-data\",\"storageBucket\":\"bright-edu-data.firebasestorage.app\"}","GCLOUD_PROJECT":"bright-edu-data","EVENTARC_CLOUD_EVENT_SOURCE":"projects/bright-edu-data/locations/asia-east1/services/syncGoogleSheetsToFirestoreV3","FUNCTION_TARGET":"syncGoogleSheetsToFirestoreV3","LOG_EXECUTION_ID":"true"},"maxInstanceCount":20,"ingressSettings":"ALLOW_ALL","uri":"https://syncgooglesheetstofirestorev3-e6ubda5zsa-de.a.run.app","serviceAccountEmail":"156805168089-compute@developer.gserviceaccount.com","availableMemory":"256Mi","allTrafficOnLatestRevision":true,"revision":"syncgooglesheetstofirestorev3-00004-tob","maxInstanceRequestConcurrency":80,"availableCpu":"1"},"state":"ACTIVE","updateTime":"2025-08-26T07:20:58.790517002Z","labels":{"firebase-functions-hash":"5fc9c48e3e3ef718f14d6dac765f57ebc24bc71c","deployment-tool":"cli-firebase"},"environment":"GEN_2","url":"https://asia-east1-bright-edu-data.cloudfunctions.net/syncGoogleSheetsToFirestoreV3","createTime":"2025-08-26T07:00:45.786647719Z","satisfiesPzi":true},{"name":"projects/bright-edu-data/locations/asia-east1/functions/syncGoogleSheetsToFirestoreV2","buildConfig":{"build":"projects/156805168089/locations/asia-east1/builds/7de3cca8-8f03-4381-a806-e611f112a35a","runtime":"nodejs20","entryPoint":"syncGoogleSheetsToFirestoreV2","source":{"storageSource":{"bucket":"gcf-v2-sources-156805168089-asia-east1","object":"syncGoogleSheetsToFirestoreV2/function-source.zip","generation":"1756190516473549"}},"environmentVariables":{"GOOGLE_NODE_RUN_SCRIPTS":""},"dockerRepository":"projects/bright-edu-data/locations/asia-east1/repositories/gcf-artifacts","sourceProvenance":{"resolvedStorageSource":{"bucket":"gcf-v2-sources-156805168089-asia-east1","object":"syncGoogleSheetsToFirestoreV2/function-source.zip","generation":"1756190516473549"}},"dockerRegistry":"ARTIFACT_REGISTRY","serviceAccount":"projects/bright-edu-data/serviceAccounts/156805168089-compute@developer.gserviceaccount.com","automaticUpdatePolicy":{}},"serviceConfig":{"service":"projects/bright-edu-data/locations/asia-east1/services/syncgooglesheetstofirestorev2","timeoutSeconds":60,"environmentVariables":{"FIREBASE_CONFIG":"{\"projectId\":\"bright-edu-data\",\"storageBucket\":\"bright-edu-data.firebasestorage.app\"}","GCLOUD_PROJECT":"bright-edu-data","EVENTARC_CLOUD_EVENT_SOURCE":"projects/bright-edu-data/locations/asia-east1/services/syncGoogleSheetsToFirestoreV2","FUNCTION_TARGET":"syncGoogleSheetsToFirestoreV2","LOG_EXECUTION_ID":"true"},"maxInstanceCount":20,"ingressSettings":"ALLOW_ALL","uri":"https://syncgooglesheetstofirestorev2-e6ubda5zsa-de.a.run.app","serviceAccountEmail":"156805168089-compute@developer.gserviceaccount.com","availableMemory":"256Mi","allTrafficOnLatestRevision":true,"revision":"syncgooglesheetstofirestorev2-00001-yej","maxInstanceRequestConcurrency":80,"availableCpu":"1"},"state":"ACTIVE","updateTime":"2025-08-26T06:43:06.475524432Z","labels":{"firebase-functions-hash":"9ac1040e7c7ba6440f634a5b2ee5d0664162bc81","deployment-tool":"cli-firebase"},"environment":"GEN_2","url":"https://asia-east1-bright-edu-data.cloudfunctions.net/syncGoogleSheetsToFirestoreV2","createTime":"2025-08-26T06:41:57.574466176Z","satisfiesPzi":true},{"name":"projects/bright-edu-data/locations/us-central1/functions/syncGoogleSheetsToFirestoreV4","buildConfig":{"build":"projects/156805168089/locations/us-central1/builds/8718b514-af4e-40ef-8895-5f975989c69c","runtime":"nodejs20","entryPoint":"syncGoogleSheetsToFirestoreV4","source":{"storageSource":{"bucket":"gcf-v2-sources-156805168089-us-central1","object":"syncGoogleSheetsToFirestoreV4/function-source.zip","generation":"1756192972600003"}},"environmentVariables":{"GOOGLE_NODE_RUN_SCRIPTS":""},"dockerRepository":"projects/bright-edu-data/locations/us-central1/repositories/gcf-artifacts","sourceProvenance":{"resolvedStorageSource":{"bucket":"gcf-v2-sources-156805168089-us-central1","object":"syncGoogleSheetsToFirestoreV4/function-source.zip","generation":"1756192972600003"}},"dockerRegistry":"ARTIFACT_REGISTRY","serviceAccount":"projects/bright-edu-data/serviceAccounts/156805168089-compute@developer.gserviceaccount.com","automaticUpdatePolicy":{}},"serviceConfig":{"service":"projects/bright-edu-data/locations/us-central1/services/syncgooglesheetstofirestorev4","timeoutSeconds":60,"environmentVariables":{"FIREBASE_CONFIG":"{\"projectId\":\"bright-edu-data\",\"storageBucket\":\"bright-edu-data.firebasestorage.app\"}","GCLOUD_PROJECT":"bright-edu-data","EVENTARC_CLOUD_EVENT_SOURCE":"projects/bright-edu-data/locations/us-central1/services/syncGoogleSheetsToFirestoreV4","FUNCTION_TARGET":"syncGoogleSheetsToFirestoreV4","LOG_EXECUTION_ID":"true"},"maxInstanceCount":20,"ingressSettings":"ALLOW_ALL","uri":"https://syncgooglesheetstofirestorev4-e6ubda5zsa-uc.a.run.app","serviceAccountEmail":"156805168089-compute@developer.gserviceaccount.com","availableMemory":"256Mi","allTrafficOnLatestRevision":true,"revision":"syncgooglesheetstofirestorev4-00001-xaw","maxInstanceRequestConcurrency":80,"availableCpu":"1"},"state":"ACTIVE","updateTime":"2025-08-26T07:24:16.205341031Z","labels":{"deployment-tool":"cli-firebase","firebase-functions-hash":"6fbbfc9f5e742d6cdea29d184f1e0e3183705d88"},"environment":"GEN_2","url":"https://us-central1-bright-edu-data.cloudfunctions.net/syncGoogleSheetsToFirestoreV4","createTime":"2025-08-26T07:22:52.911667249Z","satisfiesPzi":true}]}
[debug] [2025-08-26T07:25:15.430Z] Checked if tokens are valid: true, expires at: 1756195229509
[debug] [2025-08-26T07:25:15.430Z] Checked if tokens are valid: true, expires at: 1756195229509
[debug] [2025-08-26T07:25:15.430Z] >>> [apiv2][query] GET https://firestore.googleapis.com/v1/projects/bright-edu-data/databases/(default) [none]
[debug] [2025-08-26T07:25:15.542Z] <<< [apiv2][status] GET https://firestore.googleapis.com/v1/projects/bright-edu-data/databases/(default) 200
[debug] [2025-08-26T07:25:15.542Z] <<< [apiv2][body] GET https://firestore.googleapis.com/v1/projects/bright-edu-data/databases/(default) {"name":"projects/bright-edu-data/databases/(default)","uid":"efbe677c-f8ab-497d-ac2a-331e98717ef3","createTime":"2025-07-08T01:35:33.203836Z","updateTime":"2025-07-08T01:35:33.203836Z","locationId":"asia-east1","type":"FIRESTORE_NATIVE","concurrencyMode":"PESSIMISTIC","versionRetentionPeriod":"3600s","earliestVersionTime":"2025-08-26T06:25:15.437486Z","appEngineIntegrationMode":"DISABLED","keyPrefix":"zde","pointInTimeRecoveryEnablement":"POINT_IN_TIME_RECOVERY_DISABLED","deleteProtectionState":"DELETE_PROTECTION_DISABLED","databaseEdition":"STANDARD","freeTier":true,"etag":"ILjutZb5p48DMLiO1oLRsY4D"}
[info] i  functions: ensuring required API run.googleapis.com is enabled... 
[info] i  functions: ensuring required API eventarc.googleapis.com is enabled... 
[info] i  functions: ensuring required API pubsub.googleapis.com is enabled... 
[info] i  functions: ensuring required API storage.googleapis.com is enabled... 
[info] i  functions: generating the service identity for pubsub.googleapis.com... 
[debug] [2025-08-26T07:25:15.544Z] Checked if tokens are valid: true, expires at: 1756195229509
[debug] [2025-08-26T07:25:15.544Z] Checked if tokens are valid: true, expires at: 1756195229509
[info] i  functions: generating the service identity for eventarc.googleapis.com... 
[debug] [2025-08-26T07:25:15.544Z] Checked if tokens are valid: true, expires at: 1756195229509
[debug] [2025-08-26T07:25:15.544Z] Checked if tokens are valid: true, expires at: 1756195229509
[debug] [2025-08-26T07:25:15.544Z] >>> [apiv2][query] POST https://serviceusage.googleapis.com/v1beta1/projects/156805168089/services/pubsub.googleapis.com:generateServiceIdentity [none]
[debug] [2025-08-26T07:25:15.544Z] >>> [apiv2][(partial)header] POST https://serviceusage.googleapis.com/v1beta1/projects/156805168089/services/pubsub.googleapis.com:generateServiceIdentity x-goog-quota-user=projects/156805168089
[debug] [2025-08-26T07:25:15.544Z] >>> [apiv2][body] POST https://serviceusage.googleapis.com/v1beta1/projects/156805168089/services/pubsub.googleapis.com:generateServiceIdentity {}
[debug] [2025-08-26T07:25:15.545Z] >>> [apiv2][query] POST https://serviceusage.googleapis.com/v1beta1/projects/156805168089/services/eventarc.googleapis.com:generateServiceIdentity [none]
[debug] [2025-08-26T07:25:15.545Z] >>> [apiv2][(partial)header] POST https://serviceusage.googleapis.com/v1beta1/projects/156805168089/services/eventarc.googleapis.com:generateServiceIdentity x-goog-quota-user=projects/156805168089
[debug] [2025-08-26T07:25:15.545Z] >>> [apiv2][body] POST https://serviceusage.googleapis.com/v1beta1/projects/156805168089/services/eventarc.googleapis.com:generateServiceIdentity {}
[debug] [2025-08-26T07:25:15.976Z] <<< [apiv2][status] POST https://serviceusage.googleapis.com/v1beta1/projects/156805168089/services/eventarc.googleapis.com:generateServiceIdentity 200
[debug] [2025-08-26T07:25:15.976Z] <<< [apiv2][body] POST https://serviceusage.googleapis.com/v1beta1/projects/156805168089/services/eventarc.googleapis.com:generateServiceIdentity {"name":"operations/finished.DONE_OPERATION","done":true,"response":{"@type":"type.googleapis.com/google.api.serviceusage.v1beta1.ServiceIdentity","email":"service-156805168089@gcp-sa-eventarc.iam.gserviceaccount.com","uniqueId":"115998420006941483260"}}
[debug] [2025-08-26T07:25:16.795Z] <<< [apiv2][status] POST https://serviceusage.googleapis.com/v1beta1/projects/156805168089/services/pubsub.googleapis.com:generateServiceIdentity 200
[debug] [2025-08-26T07:25:16.795Z] <<< [apiv2][body] POST https://serviceusage.googleapis.com/v1beta1/projects/156805168089/services/pubsub.googleapis.com:generateServiceIdentity {"name":"operations/finished.DONE_OPERATION","done":true,"response":{"@type":"type.googleapis.com/google.api.serviceusage.v1beta1.ServiceIdentity","email":"service-156805168089@gcp-sa-pubsub.iam.gserviceaccount.com","uniqueId":"116780452142418328454"}}
[debug] [2025-08-26T07:25:16.796Z] Checked if tokens are valid: true, expires at: 1756195229509
[debug] [2025-08-26T07:25:16.797Z] Checked if tokens are valid: true, expires at: 1756195229509
[debug] [2025-08-26T07:25:16.797Z] >>> [apiv2][query] GET https://cloudresourcemanager.googleapis.com/v1/projects/bright-edu-data [none]
[debug] [2025-08-26T07:25:17.017Z] <<< [apiv2][status] GET https://cloudresourcemanager.googleapis.com/v1/projects/bright-edu-data 200
[debug] [2025-08-26T07:25:17.017Z] <<< [apiv2][body] GET https://cloudresourcemanager.googleapis.com/v1/projects/bright-edu-data {"projectNumber":"156805168089","projectId":"bright-edu-data","lifecycleState":"ACTIVE","name":"bright-edu-data","labels":{"firebase":"enabled","firebase-core":"disabled"},"createTime":"2025-07-08T01:26:28.545147Z","parent":{"type":"organization","id":"525544278697"}}
[debug] [2025-08-26T07:25:17.017Z] Checked if tokens are valid: true, expires at: 1756195229509
[debug] [2025-08-26T07:25:17.017Z] Checked if tokens are valid: true, expires at: 1756195229509
[debug] [2025-08-26T07:25:17.017Z] >>> [apiv2][query] GET https://compute.googleapis.com/compute/v1/projects/156805168089 [none]
[debug] [2025-08-26T07:25:17.432Z] <<< [apiv2][status] GET https://compute.googleapis.com/compute/v1/projects/156805168089 200
[debug] [2025-08-26T07:25:17.432Z] <<< [apiv2][body] GET https://compute.googleapis.com/compute/v1/projects/156805168089 {"kind":"compute#project","id":"2406017906064502414","creationTimestamp":"2025-08-10T23:40:33.288-07:00","name":"bright-edu-data","commonInstanceMetadata":{"kind":"compute#metadata","fingerprint":"m0nZom0jUV8="},"quotas":[{"metric":"SNAPSHOTS","limit":1000,"usage":0},{"metric":"NETWORKS","limit":5,"usage":1},{"metric":"FIREWALLS","limit":100,"usage":4},{"metric":"IMAGES","limit":100,"usage":0},{"metric":"STATIC_ADDRESSES","limit":8,"usage":0},{"metric":"ROUTES","limit":200,"usage":0},{"metric":"FORWARDING_RULES","limit":15,"usage":0},{"metric":"TARGET_POOLS","limit":50,"usage":0},{"metric":"HEALTH_CHECKS","limit":75,"usage":0},{"metric":"IN_USE_ADDRESSES","limit":8,"usage":0},{"metric":"TARGET_INSTANCES","limit":50,"usage":0},{"metric":"TARGET_HTTP_PROXIES","limit":10,"usage":0},{"metric":"URL_MAPS","limit":10,"usage":0},{"metric":"BACKEND_SERVICES","limit":50,"usage":0},{"metric":"INSTANCE_TEMPLATES","limit":100,"usage":0},{"metric":"TARGET_VPN_GATEWAYS","limit":5,"usage":0},{"metric":"VPN_TUNNELS","limit":10,"usage":0},{"metric":"BACKEND_BUCKETS","limit":3,"usage":0},{"metric":"ROUTERS","limit":10,"usage":0},{"metric":"TARGET_SSL_PROXIES","limit":10,"usage":0},{"metric":"TARGET_HTTPS_PROXIES","limit":10,"usage":0},{"metric":"SSL_CERTIFICATES","limit":10,"usage":0},{"metric":"SUBNETWORKS","limit":100,"usage":0},{"metric":"TARGET_TCP_PROXIES","limit":10,"usage":0},{"metric":"CPUS_ALL_REGIONS","limit":32,"usage":0},{"metric":"SECURITY_POLICIES","limit":10,"usage":0},{"metric":"SECURITY_POLICY_RULES","limit":100,"usage":0},{"metric":"XPN_SERVICE_PROJECTS","limit":1000,"usage":0},{"metric":"PACKET_MIRRORINGS","limit":20,"usage":0},{"metric":"NETWORK_ENDPOINT_GROUPS","limit":100,"usage":0},{"metric":"INTERCONNECTS","limit":6,"usage":0},{"metric":"SSL_POLICIES","limit":10,"usage":0},{"metric":"GLOBAL_INTERNAL_ADDRESSES","limit":5000,"usage":0},{"metric":"VPN_GATEWAYS","limit":5,"usage":0},{"metric":"MACHINE_IMAGES","limit":100,"usage":0},{"metric":"SECURITY_POLICY_CEVAL_RULES","limit":20,"usage":0},{"metric":"GPUS_ALL_REGIONS","limit":0,"usage":0},{"metric":"EXTERNAL_VPN_GATEWAYS","limit":5,"usage":0},{"metric":"PUBLIC_ADVERTISED_PREFIXES","limit":1,"usage":0},{"metric":"PUBLIC_DELEGATED_PREFIXES","limit":10,"usage":0},{"metric":"STATIC_BYOIP_ADDRESSES","limit":128,"usage":0},{"metric":"NETWORK_FIREWALL_POLICIES","limit":10,"usage":0},{"metric":"INTERNAL_TRAFFIC_DIRECTOR_FORWARDING_RULES","limit":15,"usage":0},{"metric":"GLOBAL_EXTERNAL_MANAGED_FORWARDING_RULES","limit":15,"usage":0},{"metric":"GLOBAL_INTERNAL_MANAGED_BACKEND_SERVICES","limit":50,"usage":0},{"metric":"GLOBAL_EXTERNAL_MANAGED_BACKEND_SERVICES","limit":50,"usage":0},{"metric":"GLOBAL_EXTERNAL_PROXY_LB_BACKEND_SERVICES","limit":50,"usage":0},{"metric":"GLOBAL_INTERNAL_TRAFFIC_DIRECTOR_BACKEND_SERVICES","limit":250,"usage":0}],"selfLink":"https://www.googleapis.com/compute/v1/projects/bright-edu-data","defaultServiceAccount":"156805168089-compute@developer.gserviceaccount.com","xpnProjectStatus":"UNSPECIFIED_XPN_PROJECT_STATUS","defaultNetworkTier":"PREMIUM","vmDnsSetting":"ZONAL_ONLY","cloudArmorTier":"CA_STANDARD"}
[debug] [2025-08-26T07:25:17.433Z] Checked if tokens are valid: true, expires at: 1756195229509
[debug] [2025-08-26T07:25:17.433Z] Checked if tokens are valid: true, expires at: 1756195229509
[debug] [2025-08-26T07:25:17.433Z] >>> [apiv2][query] GET https://cloudbilling.googleapis.com/v1/projects/bright-edu-data/billingInfo [none]
[debug] [2025-08-26T07:25:18.493Z] <<< [apiv2][status] GET https://cloudbilling.googleapis.com/v1/projects/bright-edu-data/billingInfo 200
[debug] [2025-08-26T07:25:18.493Z] <<< [apiv2][body] GET https://cloudbilling.googleapis.com/v1/projects/bright-edu-data/billingInfo {"name":"projects/bright-edu-data/billingInfo","projectId":"bright-edu-data","billingAccountName":"billingAccounts/010974-D1B956-B8AE88","billingEnabled":true}
[debug] [2025-08-26T07:25:18.494Z] [functions] found 1 new HTTP functions, testing setIamPolicy permission...
[debug] [2025-08-26T07:25:18.494Z] Checked if tokens are valid: true, expires at: 1756195229509
[debug] [2025-08-26T07:25:18.494Z] Checked if tokens are valid: true, expires at: 1756195229509
[debug] [2025-08-26T07:25:18.494Z] >>> [apiv2][query] POST https://cloudresourcemanager.googleapis.com/v1/projects/bright-edu-data:testIamPermissions [none]
[debug] [2025-08-26T07:25:18.494Z] >>> [apiv2][(partial)header] POST https://cloudresourcemanager.googleapis.com/v1/projects/bright-edu-data:testIamPermissions x-goog-quota-user=projects/bright-edu-data
[debug] [2025-08-26T07:25:18.494Z] >>> [apiv2][body] POST https://cloudresourcemanager.googleapis.com/v1/projects/bright-edu-data:testIamPermissions {"permissions":["cloudfunctions.functions.setIamPolicy"]}
[debug] [2025-08-26T07:25:18.671Z] <<< [apiv2][status] POST https://cloudresourcemanager.googleapis.com/v1/projects/bright-edu-data:testIamPermissions 200
[debug] [2025-08-26T07:25:18.671Z] <<< [apiv2][body] POST https://cloudresourcemanager.googleapis.com/v1/projects/bright-edu-data:testIamPermissions {"permissions":["cloudfunctions.functions.setIamPolicy"]}
[debug] [2025-08-26T07:25:18.671Z] [functions] found setIamPolicy permission, proceeding with deploy
[debug] [2025-08-26T07:25:18.672Z] Checked if tokens are valid: true, expires at: 1756195229509
[debug] [2025-08-26T07:25:18.672Z] Checked if tokens are valid: true, expires at: 1756195229509
[debug] [2025-08-26T07:25:18.672Z] >>> [apiv2][query] POST https://cloudfunctions.googleapis.com/v2/projects/bright-edu-data/locations/asia-east1/functions:generateUploadUrl [none]
[debug] [2025-08-26T07:25:18.788Z] <<< [apiv2][status] POST https://cloudfunctions.googleapis.com/v2/projects/bright-edu-data/locations/asia-east1/functions:generateUploadUrl 200
[debug] [2025-08-26T07:25:18.788Z] <<< [apiv2][body] POST https://cloudfunctions.googleapis.com/v2/projects/bright-edu-data/locations/asia-east1/functions:generateUploadUrl {"uploadUrl":"https://storage.googleapis.com/gcf-v2-uploads-156805168089.asia-east1.cloudfunctions.appspot.com/bf8198c8-94ad-4435-85a3-c1499a2bf8b6.zip?GoogleAccessId=service-156805168089@gcf-admin-robot.iam.gserviceaccount.com&Expires=1756194918&Signature=i0x4CfDM%2BXEgGwZoyNRzdAS%2BsdhY3ixEXRhNFR7tJe7kUEsUvpz7c84EDd2n0Qt6%2FEW0TcJXuN%2BrhgHWrGsEmdZToGe%2Bxec1vob3GOTY%2B3VqX8mZ5DhXsb89xKBMMZUetcg6U9vjDWwTkhGjeBKD8XIXMxTJBrX4bnVi7n6F37gtz1FGA33SuHQhRHWaxhrK9FrjpCRYUgx%2Bp36iEseHRSyt9RBeGDXpHdusRorZP025w%2BksNhR%2F5fp5Lt37OTSxDQvxjYO5iCOnSdP8gLS3XguBI%2B16sP4rk2suL1Orioacoo3PEdB8Bw42CMlKn0O8R6zArKg9yOpZ5LPpDsSjZA%3D%3D","storageSource":{"bucket":"gcf-v2-uploads-156805168089.asia-east1.cloudfunctions.appspot.com","object":"bf8198c8-94ad-4435-85a3-c1499a2bf8b6.zip"}}
[debug] [2025-08-26T07:25:18.788Z] >>> [apiv2][query] PUT https://storage.googleapis.com/gcf-v2-uploads-156805168089.asia-east1.cloudfunctions.appspot.com/bf8198c8-94ad-4435-85a3-c1499a2bf8b6.zip GoogleAccessId=service-156805168089%40gcf-admin-robot.iam.gserviceaccount.com&Expires=1756194918&Signature=i0x4CfDM%2BXEgGwZoyNRzdAS%2BsdhY3ixEXRhNFR7tJe7kUEsUvpz7c84EDd2n0Qt6%2FEW0TcJXuN%2BrhgHWrGsEmdZToGe%2Bxec1vob3GOTY%2B3VqX8mZ5DhXsb89xKBMMZUetcg6U9vjDWwTkhGjeBKD8XIXMxTJBrX4bnVi7n6F37gtz1FGA33SuHQhRHWaxhrK9FrjpCRYUgx%2Bp36iEseHRSyt9RBeGDXpHdusRorZP025w%2BksNhR%2F5fp5Lt37OTSxDQvxjYO5iCOnSdP8gLS3XguBI%2B16sP4rk2suL1Orioacoo3PEdB8Bw42CMlKn0O8R6zArKg9yOpZ5LPpDsSjZA%3D%3D
[debug] [2025-08-26T07:25:18.788Z] >>> [apiv2][body] PUT https://storage.googleapis.com/gcf-v2-uploads-156805168089.asia-east1.cloudfunctions.appspot.com/bf8198c8-94ad-4435-85a3-c1499a2bf8b6.zip [stream]
[debug] [2025-08-26T07:25:18.959Z] <<< [apiv2][status] PUT https://storage.googleapis.com/gcf-v2-uploads-156805168089.asia-east1.cloudfunctions.appspot.com/bf8198c8-94ad-4435-85a3-c1499a2bf8b6.zip 200
[debug] [2025-08-26T07:25:18.959Z] <<< [apiv2][body] PUT https://storage.googleapis.com/gcf-v2-uploads-156805168089.asia-east1.cloudfunctions.appspot.com/bf8198c8-94ad-4435-85a3-c1499a2bf8b6.zip [omitted]
[info] +  functions: functions folder uploaded successfully 
[info] 
The following functions are found in your project but do not exist in your local source code:
	syncGoogleSheetsToFirestoreV4(us-central1)

If you are renaming a function or changing its region, it is recommended that you create the new function first before deleting the old one to prevent event loss. For more info, visit https://firebase.google.com/docs/functions/manage-functions#modify

[info] i  functions: creating Node.js 20 (2nd Gen) function syncGoogleSheetsToFirestoreV4(asia-east1)... 
[debug] [2025-08-26T07:28:33.711Z] Checked if tokens are valid: true, expires at: 1756195229509
[debug] [2025-08-26T07:28:33.711Z] Checked if tokens are valid: true, expires at: 1756195229509
[debug] [2025-08-26T07:28:33.711Z] >>> [apiv2][query] POST https://cloudfunctions.googleapis.com/v2/projects/bright-edu-data/locations/asia-east1/functions functionId=syncGoogleSheetsToFirestoreV4
[debug] [2025-08-26T07:28:33.711Z] >>> [apiv2][body] POST https://cloudfunctions.googleapis.com/v2/projects/bright-edu-data/locations/asia-east1/functions {"name":"projects/bright-edu-data/locations/asia-east1/functions/syncGoogleSheetsToFirestoreV4","buildConfig":{"runtime":"nodejs20","entryPoint":"syncGoogleSheetsToFirestoreV4","source":{"storageSource":{"bucket":"gcf-v2-uploads-156805168089.asia-east1.cloudfunctions.appspot.com","object":"bf8198c8-94ad-4435-85a3-c1499a2bf8b6.zip"}},"environmentVariables":{"GOOGLE_NODE_RUN_SCRIPTS":""}},"serviceConfig":{"environmentVariables":{"FIREBASE_CONFIG":"{\"projectId\":\"bright-edu-data\",\"storageBucket\":\"bright-edu-data.firebasestorage.app\"}","GCLOUD_PROJECT":"bright-edu-data","EVENTARC_CLOUD_EVENT_SOURCE":"projects/bright-edu-data/locations/asia-east1/services/syncGoogleSheetsToFirestoreV4","FUNCTION_TARGET":"syncGoogleSheetsToFirestoreV4","LOG_EXECUTION_ID":"true"},"ingressSettings":null,"timeoutSeconds":null,"serviceAccountEmail":null,"availableMemory":"256Mi","minInstanceCount":null,"maxInstanceCount":null,"maxInstanceRequestConcurrency":80,"availableCpu":"1","vpcConnector":null,"vpcConnectorEgressSettings":null},"labels":{"deployment-tool":"cli-firebase","firebase-functions-hash":"0067d80ef5a3c9dd878b464d904b65886116ba36"}}
[debug] [2025-08-26T07:28:34.653Z] <<< [apiv2][status] POST https://cloudfunctions.googleapis.com/v2/projects/bright-edu-data/locations/asia-east1/functions 200
[debug] [2025-08-26T07:28:34.653Z] <<< [apiv2][body] POST https://cloudfunctions.googleapis.com/v2/projects/bright-edu-data/locations/asia-east1/functions {"name":"projects/bright-edu-data/locations/asia-east1/operations/operation-1756193313724-63d3f9e9f1758-99a8f5b4-72080bec","metadata":{"@type":"type.googleapis.com/google.cloud.functions.v2.OperationMetadata","createTime":"2025-08-26T07:28:34.533773068Z","target":"projects/bright-edu-data/locations/asia-east1/functions/syncGoogleSheetsToFirestoreV4","verb":"create","cancelRequested":false,"apiVersion":"v2"},"done":false}
[debug] [2025-08-26T07:28:34.654Z] Checked if tokens are valid: true, expires at: 1756195229509
[debug] [2025-08-26T07:28:34.654Z] Checked if tokens are valid: true, expires at: 1756195229509
[debug] [2025-08-26T07:28:34.654Z] >>> [apiv2][query] GET https://cloudfunctions.googleapis.com/v2/projects/bright-edu-data/locations/asia-east1/operations/operation-1756193313724-63d3f9e9f1758-99a8f5b4-72080bec [none]
[debug] [2025-08-26T07:28:34.702Z] <<< [apiv2][status] GET https://cloudfunctions.googleapis.com/v2/projects/bright-edu-data/locations/asia-east1/operations/operation-1756193313724-63d3f9e9f1758-99a8f5b4-72080bec 200
[debug] [2025-08-26T07:28:34.702Z] <<< [apiv2][body] GET https://cloudfunctions.googleapis.com/v2/projects/bright-edu-data/locations/asia-east1/operations/operation-1756193313724-63d3f9e9f1758-99a8f5b4-72080bec {"name":"projects/bright-edu-data/locations/asia-east1/operations/operation-1756193313724-63d3f9e9f1758-99a8f5b4-72080bec","metadata":{"@type":"type.googleapis.com/google.cloud.functions.v2.OperationMetadata","createTime":"2025-08-26T07:28:34.533773068Z","target":"projects/bright-edu-data/locations/asia-east1/functions/syncGoogleSheetsToFirestoreV4","verb":"create","cancelRequested":false,"apiVersion":"v2"},"done":false}
[debug] [2025-08-26T07:28:35.203Z] [create-default-asia-east1-syncGoogleSheetsToFirestoreV4] Retrying task index 0
[debug] [2025-08-26T07:28:35.204Z] Checked if tokens are valid: true, expires at: 1756195229509
[debug] [2025-08-26T07:28:35.204Z] Checked if tokens are valid: true, expires at: 1756195229509
[debug] [2025-08-26T07:28:35.204Z] >>> [apiv2][query] GET https://cloudfunctions.googleapis.com/v2/projects/bright-edu-data/locations/asia-east1/operations/operation-1756193313724-63d3f9e9f1758-99a8f5b4-72080bec [none]
[debug] [2025-08-26T07:28:35.233Z] <<< [apiv2][status] GET https://cloudfunctions.googleapis.com/v2/projects/bright-edu-data/locations/asia-east1/operations/operation-1756193313724-63d3f9e9f1758-99a8f5b4-72080bec 200
[debug] [2025-08-26T07:28:35.233Z] <<< [apiv2][body] GET https://cloudfunctions.googleapis.com/v2/projects/bright-edu-data/locations/asia-east1/operations/operation-1756193313724-63d3f9e9f1758-99a8f5b4-72080bec {"name":"projects/bright-edu-data/locations/asia-east1/operations/operation-1756193313724-63d3f9e9f1758-99a8f5b4-72080bec","metadata":{"@type":"type.googleapis.com/google.cloud.functions.v2.OperationMetadata","createTime":"2025-08-26T07:28:34.533773068Z","target":"projects/bright-edu-data/locations/asia-east1/functions/syncGoogleSheetsToFirestoreV4","verb":"create","cancelRequested":false,"apiVersion":"v2","requestResource":{"@type":"type.googleapis.com/google.cloud.functions.v2.Function","name":"projects/bright-edu-data/locations/asia-east1/functions/syncGoogleSheetsToFirestoreV4","buildConfig":{"runtime":"nodejs20","entryPoint":"syncGoogleSheetsToFirestoreV4","source":{"storageSource":{"bucket":"gcf-v2-sources-156805168089-asia-east1","object":"syncGoogleSheetsToFirestoreV4/function-source.zip","generation":"1756193313989730"}},"environmentVariables":{"GOOGLE_NODE_RUN_SCRIPTS":""},"serviceAccount":"projects/bright-edu-data/serviceAccounts/156805168089-compute@developer.gserviceaccount.com","automaticUpdatePolicy":{}},"serviceConfig":{"service":"projects/bright-edu-data/locations/asia-east1/services/syncgooglesheetstofirestorev4","timeoutSeconds":60,"environmentVariables":{"FIREBASE_CONFIG":"{\"projectId\":\"bright-edu-data\",\"storageBucket\":\"bright-edu-data.firebasestorage.app\"}","GCLOUD_PROJECT":"bright-edu-data","EVENTARC_CLOUD_EVENT_SOURCE":"projects/bright-edu-data/locations/asia-east1/services/syncGoogleSheetsToFirestoreV4","FUNCTION_TARGET":"syncGoogleSheetsToFirestoreV4","LOG_EXECUTION_ID":"true"},"ingressSettings":"ALLOW_ALL","serviceAccountEmail":"156805168089-compute@developer.gserviceaccount.com","availableMemory":"256Mi","maxInstanceRequestConcurrency":80,"availableCpu":"1"},"labels":{"deployment-tool":"cli-firebase","firebase-functions-hash":"0067d80ef5a3c9dd878b464d904b65886116ba36"},"environment":"GEN_2"},"stages":[{"name":"BUILD","state":"NOT_STARTED"},{"name":"SERVICE","state":"NOT_STARTED"}],"operationType":"CREATE_FUNCTION"},"done":false}
[debug] [2025-08-26T07:28:36.237Z] [create-default-asia-east1-syncGoogleSheetsToFirestoreV4] Retrying task index 0
[debug] [2025-08-26T07:28:36.237Z] Checked if tokens are valid: true, expires at: 1756195229509
[debug] [2025-08-26T07:28:36.237Z] Checked if tokens are valid: true, expires at: 1756195229509
[debug] [2025-08-26T07:28:36.237Z] >>> [apiv2][query] GET https://cloudfunctions.googleapis.com/v2/projects/bright-edu-data/locations/asia-east1/operations/operation-1756193313724-63d3f9e9f1758-99a8f5b4-72080bec [none]
[debug] [2025-08-26T07:28:36.264Z] <<< [apiv2][status] GET https://cloudfunctions.googleapis.com/v2/projects/bright-edu-data/locations/asia-east1/operations/operation-1756193313724-63d3f9e9f1758-99a8f5b4-72080bec 200
[debug] [2025-08-26T07:28:36.264Z] <<< [apiv2][body] GET https://cloudfunctions.googleapis.com/v2/projects/bright-edu-data/locations/asia-east1/operations/operation-1756193313724-63d3f9e9f1758-99a8f5b4-72080bec {"name":"projects/bright-edu-data/locations/asia-east1/operations/operation-1756193313724-63d3f9e9f1758-99a8f5b4-72080bec","metadata":{"@type":"type.googleapis.com/google.cloud.functions.v2.OperationMetadata","createTime":"2025-08-26T07:28:34.533773068Z","target":"projects/bright-edu-data/locations/asia-east1/functions/syncGoogleSheetsToFirestoreV4","verb":"create","cancelRequested":false,"apiVersion":"v2","requestResource":{"@type":"type.googleapis.com/google.cloud.functions.v2.Function","name":"projects/bright-edu-data/locations/asia-east1/functions/syncGoogleSheetsToFirestoreV4","buildConfig":{"runtime":"nodejs20","entryPoint":"syncGoogleSheetsToFirestoreV4","source":{"storageSource":{"bucket":"gcf-v2-sources-156805168089-asia-east1","object":"syncGoogleSheetsToFirestoreV4/function-source.zip","generation":"1756193313989730"}},"environmentVariables":{"GOOGLE_NODE_RUN_SCRIPTS":""},"serviceAccount":"projects/bright-edu-data/serviceAccounts/156805168089-compute@developer.gserviceaccount.com","automaticUpdatePolicy":{}},"serviceConfig":{"service":"projects/bright-edu-data/locations/asia-east1/services/syncgooglesheetstofirestorev4","timeoutSeconds":60,"environmentVariables":{"FIREBASE_CONFIG":"{\"projectId\":\"bright-edu-data\",\"storageBucket\":\"bright-edu-data.firebasestorage.app\"}","GCLOUD_PROJECT":"bright-edu-data","EVENTARC_CLOUD_EVENT_SOURCE":"projects/bright-edu-data/locations/asia-east1/services/syncGoogleSheetsToFirestoreV4","FUNCTION_TARGET":"syncGoogleSheetsToFirestoreV4","LOG_EXECUTION_ID":"true"},"ingressSettings":"ALLOW_ALL","serviceAccountEmail":"156805168089-compute@developer.gserviceaccount.com","availableMemory":"256Mi","maxInstanceRequestConcurrency":80,"availableCpu":"1"},"labels":{"deployment-tool":"cli-firebase","firebase-functions-hash":"0067d80ef5a3c9dd878b464d904b65886116ba36"},"environment":"GEN_2"},"stages":[{"name":"BUILD","message":"Creating build","state":"IN_PROGRESS","resource":"projects/156805168089/locations/asia-east1/builds/9b03f6b6-c96f-431c-b0aa-7e1404f88f58","resourceUri":"https://console.cloud.google.com/cloud-build/builds;region=asia-east1/9b03f6b6-c96f-431c-b0aa-7e1404f88f58?project=156805168089"},{"name":"SERVICE","state":"NOT_STARTED"}],"operationType":"CREATE_FUNCTION","buildName":"projects/156805168089/locations/asia-east1/builds/9b03f6b6-c96f-431c-b0aa-7e1404f88f58"},"done":false}
[debug] [2025-08-26T07:28:38.277Z] [create-default-asia-east1-syncGoogleSheetsToFirestoreV4] Retrying task index 0
[debug] [2025-08-26T07:28:38.277Z] Checked if tokens are valid: true, expires at: 1756195229509
[debug] [2025-08-26T07:28:38.277Z] Checked if tokens are valid: true, expires at: 1756195229509
[debug] [2025-08-26T07:28:38.277Z] >>> [apiv2][query] GET https://cloudfunctions.googleapis.com/v2/projects/bright-edu-data/locations/asia-east1/operations/operation-1756193313724-63d3f9e9f1758-99a8f5b4-72080bec [none]
[debug] [2025-08-26T07:28:38.304Z] <<< [apiv2][status] GET https://cloudfunctions.googleapis.com/v2/projects/bright-edu-data/locations/asia-east1/operations/operation-1756193313724-63d3f9e9f1758-99a8f5b4-72080bec 200
[debug] [2025-08-26T07:28:38.304Z] <<< [apiv2][body] GET https://cloudfunctions.googleapis.com/v2/projects/bright-edu-data/locations/asia-east1/operations/operation-1756193313724-63d3f9e9f1758-99a8f5b4-72080bec {"name":"projects/bright-edu-data/locations/asia-east1/operations/operation-1756193313724-63d3f9e9f1758-99a8f5b4-72080bec","metadata":{"@type":"type.googleapis.com/google.cloud.functions.v2.OperationMetadata","createTime":"2025-08-26T07:28:34.533773068Z","target":"projects/bright-edu-data/locations/asia-east1/functions/syncGoogleSheetsToFirestoreV4","verb":"create","cancelRequested":false,"apiVersion":"v2","requestResource":{"@type":"type.googleapis.com/google.cloud.functions.v2.Function","name":"projects/bright-edu-data/locations/asia-east1/functions/syncGoogleSheetsToFirestoreV4","buildConfig":{"runtime":"nodejs20","entryPoint":"syncGoogleSheetsToFirestoreV4","source":{"storageSource":{"bucket":"gcf-v2-sources-156805168089-asia-east1","object":"syncGoogleSheetsToFirestoreV4/function-source.zip","generation":"1756193313989730"}},"environmentVariables":{"GOOGLE_NODE_RUN_SCRIPTS":""},"serviceAccount":"projects/bright-edu-data/serviceAccounts/156805168089-compute@developer.gserviceaccount.com","automaticUpdatePolicy":{}},"serviceConfig":{"service":"projects/bright-edu-data/locations/asia-east1/services/syncgooglesheetstofirestorev4","timeoutSeconds":60,"environmentVariables":{"FIREBASE_CONFIG":"{\"projectId\":\"bright-edu-data\",\"storageBucket\":\"bright-edu-data.firebasestorage.app\"}","GCLOUD_PROJECT":"bright-edu-data","EVENTARC_CLOUD_EVENT_SOURCE":"projects/bright-edu-data/locations/asia-east1/services/syncGoogleSheetsToFirestoreV4","FUNCTION_TARGET":"syncGoogleSheetsToFirestoreV4","LOG_EXECUTION_ID":"true"},"ingressSettings":"ALLOW_ALL","serviceAccountEmail":"156805168089-compute@developer.gserviceaccount.com","availableMemory":"256Mi","maxInstanceRequestConcurrency":80,"availableCpu":"1"},"labels":{"deployment-tool":"cli-firebase","firebase-functions-hash":"0067d80ef5a3c9dd878b464d904b65886116ba36"},"environment":"GEN_2"},"stages":[{"name":"BUILD","message":"Build in progress","state":"IN_PROGRESS","resource":"projects/156805168089/locations/asia-east1/builds/9b03f6b6-c96f-431c-b0aa-7e1404f88f58","resourceUri":"https://console.cloud.google.com/cloud-build/builds;region=asia-east1/9b03f6b6-c96f-431c-b0aa-7e1404f88f58?project=156805168089"},{"name":"SERVICE","state":"NOT_STARTED"}],"operationType":"CREATE_FUNCTION","buildName":"projects/156805168089/locations/asia-east1/builds/9b03f6b6-c96f-431c-b0aa-7e1404f88f58"},"done":false}
[debug] [2025-08-26T07:28:42.318Z] [create-default-asia-east1-syncGoogleSheetsToFirestoreV4] Retrying task index 0
[debug] [2025-08-26T07:28:42.318Z] Checked if tokens are valid: true, expires at: 1756195229509
[debug] [2025-08-26T07:28:42.318Z] Checked if tokens are valid: true, expires at: 1756195229509
[debug] [2025-08-26T07:28:42.318Z] >>> [apiv2][query] GET https://cloudfunctions.googleapis.com/v2/projects/bright-edu-data/locations/asia-east1/operations/operation-1756193313724-63d3f9e9f1758-99a8f5b4-72080bec [none]
[debug] [2025-08-26T07:28:42.369Z] <<< [apiv2][status] GET https://cloudfunctions.googleapis.com/v2/projects/bright-edu-data/locations/asia-east1/operations/operation-1756193313724-63d3f9e9f1758-99a8f5b4-72080bec 200
[debug] [2025-08-26T07:28:42.369Z] <<< [apiv2][body] GET https://cloudfunctions.googleapis.com/v2/projects/bright-edu-data/locations/asia-east1/operations/operation-1756193313724-63d3f9e9f1758-99a8f5b4-72080bec {"name":"projects/bright-edu-data/locations/asia-east1/operations/operation-1756193313724-63d3f9e9f1758-99a8f5b4-72080bec","metadata":{"@type":"type.googleapis.com/google.cloud.functions.v2.OperationMetadata","createTime":"2025-08-26T07:28:34.533773068Z","target":"projects/bright-edu-data/locations/asia-east1/functions/syncGoogleSheetsToFirestoreV4","verb":"create","cancelRequested":false,"apiVersion":"v2","requestResource":{"@type":"type.googleapis.com/google.cloud.functions.v2.Function","name":"projects/bright-edu-data/locations/asia-east1/functions/syncGoogleSheetsToFirestoreV4","buildConfig":{"runtime":"nodejs20","entryPoint":"syncGoogleSheetsToFirestoreV4","source":{"storageSource":{"bucket":"gcf-v2-sources-156805168089-asia-east1","object":"syncGoogleSheetsToFirestoreV4/function-source.zip","generation":"1756193313989730"}},"environmentVariables":{"GOOGLE_NODE_RUN_SCRIPTS":""},"serviceAccount":"projects/bright-edu-data/serviceAccounts/156805168089-compute@developer.gserviceaccount.com","automaticUpdatePolicy":{}},"serviceConfig":{"service":"projects/bright-edu-data/locations/asia-east1/services/syncgooglesheetstofirestorev4","timeoutSeconds":60,"environmentVariables":{"FIREBASE_CONFIG":"{\"projectId\":\"bright-edu-data\",\"storageBucket\":\"bright-edu-data.firebasestorage.app\"}","GCLOUD_PROJECT":"bright-edu-data","EVENTARC_CLOUD_EVENT_SOURCE":"projects/bright-edu-data/locations/asia-east1/services/syncGoogleSheetsToFirestoreV4","FUNCTION_TARGET":"syncGoogleSheetsToFirestoreV4","LOG_EXECUTION_ID":"true"},"ingressSettings":"ALLOW_ALL","serviceAccountEmail":"156805168089-compute@developer.gserviceaccount.com","availableMemory":"256Mi","maxInstanceRequestConcurrency":80,"availableCpu":"1"},"labels":{"deployment-tool":"cli-firebase","firebase-functions-hash":"0067d80ef5a3c9dd878b464d904b65886116ba36"},"environment":"GEN_2"},"stages":[{"name":"BUILD","message":"Build in progress","state":"IN_PROGRESS","resource":"projects/156805168089/locations/asia-east1/builds/9b03f6b6-c96f-431c-b0aa-7e1404f88f58","resourceUri":"https://console.cloud.google.com/cloud-build/builds;region=asia-east1/9b03f6b6-c96f-431c-b0aa-7e1404f88f58?project=156805168089"},{"name":"SERVICE","state":"NOT_STARTED"}],"operationType":"CREATE_FUNCTION","buildName":"projects/156805168089/locations/asia-east1/builds/9b03f6b6-c96f-431c-b0aa-7e1404f88f58"},"done":false}
[debug] [2025-08-26T07:28:50.370Z] [create-default-asia-east1-syncGoogleSheetsToFirestoreV4] Retrying task index 0
[debug] [2025-08-26T07:28:50.371Z] Checked if tokens are valid: true, expires at: 1756195229509
[debug] [2025-08-26T07:28:50.371Z] Checked if tokens are valid: true, expires at: 1756195229509
[debug] [2025-08-26T07:28:50.371Z] >>> [apiv2][query] GET https://cloudfunctions.googleapis.com/v2/projects/bright-edu-data/locations/asia-east1/operations/operation-1756193313724-63d3f9e9f1758-99a8f5b4-72080bec [none]
[debug] [2025-08-26T07:28:50.422Z] <<< [apiv2][status] GET https://cloudfunctions.googleapis.com/v2/projects/bright-edu-data/locations/asia-east1/operations/operation-1756193313724-63d3f9e9f1758-99a8f5b4-72080bec 200
[debug] [2025-08-26T07:28:50.422Z] <<< [apiv2][body] GET https://cloudfunctions.googleapis.com/v2/projects/bright-edu-data/locations/asia-east1/operations/operation-1756193313724-63d3f9e9f1758-99a8f5b4-72080bec {"name":"projects/bright-edu-data/locations/asia-east1/operations/operation-1756193313724-63d3f9e9f1758-99a8f5b4-72080bec","metadata":{"@type":"type.googleapis.com/google.cloud.functions.v2.OperationMetadata","createTime":"2025-08-26T07:28:34.533773068Z","target":"projects/bright-edu-data/locations/asia-east1/functions/syncGoogleSheetsToFirestoreV4","verb":"create","cancelRequested":false,"apiVersion":"v2","requestResource":{"@type":"type.googleapis.com/google.cloud.functions.v2.Function","name":"projects/bright-edu-data/locations/asia-east1/functions/syncGoogleSheetsToFirestoreV4","buildConfig":{"runtime":"nodejs20","entryPoint":"syncGoogleSheetsToFirestoreV4","source":{"storageSource":{"bucket":"gcf-v2-sources-156805168089-asia-east1","object":"syncGoogleSheetsToFirestoreV4/function-source.zip","generation":"1756193313989730"}},"environmentVariables":{"GOOGLE_NODE_RUN_SCRIPTS":""},"serviceAccount":"projects/bright-edu-data/serviceAccounts/156805168089-compute@developer.gserviceaccount.com","automaticUpdatePolicy":{}},"serviceConfig":{"service":"projects/bright-edu-data/locations/asia-east1/services/syncgooglesheetstofirestorev4","timeoutSeconds":60,"environmentVariables":{"FIREBASE_CONFIG":"{\"projectId\":\"bright-edu-data\",\"storageBucket\":\"bright-edu-data.firebasestorage.app\"}","GCLOUD_PROJECT":"bright-edu-data","EVENTARC_CLOUD_EVENT_SOURCE":"projects/bright-edu-data/locations/asia-east1/services/syncGoogleSheetsToFirestoreV4","FUNCTION_TARGET":"syncGoogleSheetsToFirestoreV4","LOG_EXECUTION_ID":"true"},"ingressSettings":"ALLOW_ALL","serviceAccountEmail":"156805168089-compute@developer.gserviceaccount.com","availableMemory":"256Mi","maxInstanceRequestConcurrency":80,"availableCpu":"1"},"labels":{"deployment-tool":"cli-firebase","firebase-functions-hash":"0067d80ef5a3c9dd878b464d904b65886116ba36"},"environment":"GEN_2"},"stages":[{"name":"BUILD","message":"Build in progress","state":"IN_PROGRESS","resource":"projects/156805168089/locations/asia-east1/builds/9b03f6b6-c96f-431c-b0aa-7e1404f88f58","resourceUri":"https://console.cloud.google.com/cloud-build/builds;region=asia-east1/9b03f6b6-c96f-431c-b0aa-7e1404f88f58?project=156805168089"},{"name":"SERVICE","state":"NOT_STARTED"}],"operationType":"CREATE_FUNCTION","buildName":"projects/156805168089/locations/asia-east1/builds/9b03f6b6-c96f-431c-b0aa-7e1404f88f58"},"done":false}
[debug] [2025-08-26T07:29:00.429Z] [create-default-asia-east1-syncGoogleSheetsToFirestoreV4] Retrying task index 0
[debug] [2025-08-26T07:29:00.430Z] Checked if tokens are valid: true, expires at: 1756195229509
[debug] [2025-08-26T07:29:00.430Z] Checked if tokens are valid: true, expires at: 1756195229509
[debug] [2025-08-26T07:29:00.430Z] >>> [apiv2][query] GET https://cloudfunctions.googleapis.com/v2/projects/bright-edu-data/locations/asia-east1/operations/operation-1756193313724-63d3f9e9f1758-99a8f5b4-72080bec [none]
[debug] [2025-08-26T07:29:00.493Z] <<< [apiv2][status] GET https://cloudfunctions.googleapis.com/v2/projects/bright-edu-data/locations/asia-east1/operations/operation-1756193313724-63d3f9e9f1758-99a8f5b4-72080bec 200
[debug] [2025-08-26T07:29:00.493Z] <<< [apiv2][body] GET https://cloudfunctions.googleapis.com/v2/projects/bright-edu-data/locations/asia-east1/operations/operation-1756193313724-63d3f9e9f1758-99a8f5b4-72080bec {"name":"projects/bright-edu-data/locations/asia-east1/operations/operation-1756193313724-63d3f9e9f1758-99a8f5b4-72080bec","metadata":{"@type":"type.googleapis.com/google.cloud.functions.v2.OperationMetadata","createTime":"2025-08-26T07:28:34.533773068Z","target":"projects/bright-edu-data/locations/asia-east1/functions/syncGoogleSheetsToFirestoreV4","verb":"create","cancelRequested":false,"apiVersion":"v2","requestResource":{"@type":"type.googleapis.com/google.cloud.functions.v2.Function","name":"projects/bright-edu-data/locations/asia-east1/functions/syncGoogleSheetsToFirestoreV4","buildConfig":{"runtime":"nodejs20","entryPoint":"syncGoogleSheetsToFirestoreV4","source":{"storageSource":{"bucket":"gcf-v2-sources-156805168089-asia-east1","object":"syncGoogleSheetsToFirestoreV4/function-source.zip","generation":"1756193313989730"}},"environmentVariables":{"GOOGLE_NODE_RUN_SCRIPTS":""},"serviceAccount":"projects/bright-edu-data/serviceAccounts/156805168089-compute@developer.gserviceaccount.com","automaticUpdatePolicy":{}},"serviceConfig":{"service":"projects/bright-edu-data/locations/asia-east1/services/syncgooglesheetstofirestorev4","timeoutSeconds":60,"environmentVariables":{"FIREBASE_CONFIG":"{\"projectId\":\"bright-edu-data\",\"storageBucket\":\"bright-edu-data.firebasestorage.app\"}","GCLOUD_PROJECT":"bright-edu-data","EVENTARC_CLOUD_EVENT_SOURCE":"projects/bright-edu-data/locations/asia-east1/services/syncGoogleSheetsToFirestoreV4","FUNCTION_TARGET":"syncGoogleSheetsToFirestoreV4","LOG_EXECUTION_ID":"true"},"ingressSettings":"ALLOW_ALL","serviceAccountEmail":"156805168089-compute@developer.gserviceaccount.com","availableMemory":"256Mi","maxInstanceRequestConcurrency":80,"availableCpu":"1"},"labels":{"deployment-tool":"cli-firebase","firebase-functions-hash":"0067d80ef5a3c9dd878b464d904b65886116ba36"},"environment":"GEN_2"},"stages":[{"name":"BUILD","message":"Build in progress","state":"IN_PROGRESS","resource":"projects/156805168089/locations/asia-east1/builds/9b03f6b6-c96f-431c-b0aa-7e1404f88f58","resourceUri":"https://console.cloud.google.com/cloud-build/builds;region=asia-east1/9b03f6b6-c96f-431c-b0aa-7e1404f88f58?project=156805168089"},{"name":"SERVICE","state":"NOT_STARTED"}],"operationType":"CREATE_FUNCTION","buildName":"projects/156805168089/locations/asia-east1/builds/9b03f6b6-c96f-431c-b0aa-7e1404f88f58"},"done":false}
[debug] [2025-08-26T07:29:10.496Z] [create-default-asia-east1-syncGoogleSheetsToFirestoreV4] Retrying task index 0
[debug] [2025-08-26T07:29:10.496Z] Checked if tokens are valid: true, expires at: 1756195229509
[debug] [2025-08-26T07:29:10.496Z] Checked if tokens are valid: true, expires at: 1756195229509
[debug] [2025-08-26T07:29:10.496Z] >>> [apiv2][query] GET https://cloudfunctions.googleapis.com/v2/projects/bright-edu-data/locations/asia-east1/operations/operation-1756193313724-63d3f9e9f1758-99a8f5b4-72080bec [none]
[debug] [2025-08-26T07:29:10.550Z] <<< [apiv2][status] GET https://cloudfunctions.googleapis.com/v2/projects/bright-edu-data/locations/asia-east1/operations/operation-1756193313724-63d3f9e9f1758-99a8f5b4-72080bec 200
[debug] [2025-08-26T07:29:10.550Z] <<< [apiv2][body] GET https://cloudfunctions.googleapis.com/v2/projects/bright-edu-data/locations/asia-east1/operations/operation-1756193313724-63d3f9e9f1758-99a8f5b4-72080bec {"name":"projects/bright-edu-data/locations/asia-east1/operations/operation-1756193313724-63d3f9e9f1758-99a8f5b4-72080bec","metadata":{"@type":"type.googleapis.com/google.cloud.functions.v2.OperationMetadata","createTime":"2025-08-26T07:28:34.533773068Z","target":"projects/bright-edu-data/locations/asia-east1/functions/syncGoogleSheetsToFirestoreV4","verb":"create","cancelRequested":false,"apiVersion":"v2","requestResource":{"@type":"type.googleapis.com/google.cloud.functions.v2.Function","name":"projects/bright-edu-data/locations/asia-east1/functions/syncGoogleSheetsToFirestoreV4","buildConfig":{"runtime":"nodejs20","entryPoint":"syncGoogleSheetsToFirestoreV4","source":{"storageSource":{"bucket":"gcf-v2-sources-156805168089-asia-east1","object":"syncGoogleSheetsToFirestoreV4/function-source.zip","generation":"1756193313989730"}},"environmentVariables":{"GOOGLE_NODE_RUN_SCRIPTS":""},"serviceAccount":"projects/bright-edu-data/serviceAccounts/156805168089-compute@developer.gserviceaccount.com","automaticUpdatePolicy":{}},"serviceConfig":{"service":"projects/bright-edu-data/locations/asia-east1/services/syncgooglesheetstofirestorev4","timeoutSeconds":60,"environmentVariables":{"FIREBASE_CONFIG":"{\"projectId\":\"bright-edu-data\",\"storageBucket\":\"bright-edu-data.firebasestorage.app\"}","GCLOUD_PROJECT":"bright-edu-data","EVENTARC_CLOUD_EVENT_SOURCE":"projects/bright-edu-data/locations/asia-east1/services/syncGoogleSheetsToFirestoreV4","FUNCTION_TARGET":"syncGoogleSheetsToFirestoreV4","LOG_EXECUTION_ID":"true"},"ingressSettings":"ALLOW_ALL","serviceAccountEmail":"156805168089-compute@developer.gserviceaccount.com","availableMemory":"256Mi","maxInstanceRequestConcurrency":80,"availableCpu":"1"},"labels":{"deployment-tool":"cli-firebase","firebase-functions-hash":"0067d80ef5a3c9dd878b464d904b65886116ba36"},"environment":"GEN_2"},"stages":[{"name":"BUILD","message":"Build in progress","state":"IN_PROGRESS","resource":"projects/156805168089/locations/asia-east1/builds/9b03f6b6-c96f-431c-b0aa-7e1404f88f58","resourceUri":"https://console.cloud.google.com/cloud-build/builds;region=asia-east1/9b03f6b6-c96f-431c-b0aa-7e1404f88f58?project=156805168089"},{"name":"SERVICE","state":"NOT_STARTED"}],"operationType":"CREATE_FUNCTION","buildName":"projects/156805168089/locations/asia-east1/builds/9b03f6b6-c96f-431c-b0aa-7e1404f88f58"},"done":false}
[debug] [2025-08-26T07:29:20.553Z] [create-default-asia-east1-syncGoogleSheetsToFirestoreV4] Retrying task index 0
[debug] [2025-08-26T07:29:20.554Z] Checked if tokens are valid: true, expires at: 1756195229509
[debug] [2025-08-26T07:29:20.554Z] Checked if tokens are valid: true, expires at: 1756195229509
[debug] [2025-08-26T07:29:20.554Z] >>> [apiv2][query] GET https://cloudfunctions.googleapis.com/v2/projects/bright-edu-data/locations/asia-east1/operations/operation-1756193313724-63d3f9e9f1758-99a8f5b4-72080bec [none]
[debug] [2025-08-26T07:29:20.613Z] <<< [apiv2][status] GET https://cloudfunctions.googleapis.com/v2/projects/bright-edu-data/locations/asia-east1/operations/operation-1756193313724-63d3f9e9f1758-99a8f5b4-72080bec 200
[debug] [2025-08-26T07:29:20.613Z] <<< [apiv2][body] GET https://cloudfunctions.googleapis.com/v2/projects/bright-edu-data/locations/asia-east1/operations/operation-1756193313724-63d3f9e9f1758-99a8f5b4-72080bec {"name":"projects/bright-edu-data/locations/asia-east1/operations/operation-1756193313724-63d3f9e9f1758-99a8f5b4-72080bec","metadata":{"@type":"type.googleapis.com/google.cloud.functions.v2.OperationMetadata","createTime":"2025-08-26T07:28:34.533773068Z","target":"projects/bright-edu-data/locations/asia-east1/functions/syncGoogleSheetsToFirestoreV4","verb":"create","cancelRequested":false,"apiVersion":"v2","requestResource":{"@type":"type.googleapis.com/google.cloud.functions.v2.Function","name":"projects/bright-edu-data/locations/asia-east1/functions/syncGoogleSheetsToFirestoreV4","buildConfig":{"runtime":"nodejs20","entryPoint":"syncGoogleSheetsToFirestoreV4","source":{"storageSource":{"bucket":"gcf-v2-sources-156805168089-asia-east1","object":"syncGoogleSheetsToFirestoreV4/function-source.zip","generation":"1756193313989730"}},"environmentVariables":{"GOOGLE_NODE_RUN_SCRIPTS":""},"serviceAccount":"projects/bright-edu-data/serviceAccounts/156805168089-compute@developer.gserviceaccount.com","automaticUpdatePolicy":{}},"serviceConfig":{"service":"projects/bright-edu-data/locations/asia-east1/services/syncgooglesheetstofirestorev4","timeoutSeconds":60,"environmentVariables":{"FIREBASE_CONFIG":"{\"projectId\":\"bright-edu-data\",\"storageBucket\":\"bright-edu-data.firebasestorage.app\"}","GCLOUD_PROJECT":"bright-edu-data","EVENTARC_CLOUD_EVENT_SOURCE":"projects/bright-edu-data/locations/asia-east1/services/syncGoogleSheetsToFirestoreV4","FUNCTION_TARGET":"syncGoogleSheetsToFirestoreV4","LOG_EXECUTION_ID":"true"},"ingressSettings":"ALLOW_ALL","serviceAccountEmail":"156805168089-compute@developer.gserviceaccount.com","availableMemory":"256Mi","maxInstanceRequestConcurrency":80,"availableCpu":"1"},"labels":{"deployment-tool":"cli-firebase","firebase-functions-hash":"0067d80ef5a3c9dd878b464d904b65886116ba36"},"environment":"GEN_2"},"stages":[{"name":"BUILD","message":"Build in progress","state":"IN_PROGRESS","resource":"projects/156805168089/locations/asia-east1/builds/9b03f6b6-c96f-431c-b0aa-7e1404f88f58","resourceUri":"https://console.cloud.google.com/cloud-build/builds;region=asia-east1/9b03f6b6-c96f-431c-b0aa-7e1404f88f58?project=156805168089"},{"name":"SERVICE","state":"NOT_STARTED"}],"operationType":"CREATE_FUNCTION","buildName":"projects/156805168089/locations/asia-east1/builds/9b03f6b6-c96f-431c-b0aa-7e1404f88f58"},"done":false}
[debug] [2025-08-26T07:29:30.619Z] [create-default-asia-east1-syncGoogleSheetsToFirestoreV4] Retrying task index 0
[debug] [2025-08-26T07:29:30.620Z] Checked if tokens are valid: true, expires at: 1756195229509
[debug] [2025-08-26T07:29:30.620Z] Checked if tokens are valid: true, expires at: 1756195229509
[debug] [2025-08-26T07:29:30.620Z] >>> [apiv2][query] GET https://cloudfunctions.googleapis.com/v2/projects/bright-edu-data/locations/asia-east1/operations/operation-1756193313724-63d3f9e9f1758-99a8f5b4-72080bec [none]
[debug] [2025-08-26T07:29:30.719Z] <<< [apiv2][status] GET https://cloudfunctions.googleapis.com/v2/projects/bright-edu-data/locations/asia-east1/operations/operation-1756193313724-63d3f9e9f1758-99a8f5b4-72080bec 200
[debug] [2025-08-26T07:29:30.719Z] <<< [apiv2][body] GET https://cloudfunctions.googleapis.com/v2/projects/bright-edu-data/locations/asia-east1/operations/operation-1756193313724-63d3f9e9f1758-99a8f5b4-72080bec {"name":"projects/bright-edu-data/locations/asia-east1/operations/operation-1756193313724-63d3f9e9f1758-99a8f5b4-72080bec","metadata":{"@type":"type.googleapis.com/google.cloud.functions.v2.OperationMetadata","createTime":"2025-08-26T07:28:34.533773068Z","target":"projects/bright-edu-data/locations/asia-east1/functions/syncGoogleSheetsToFirestoreV4","verb":"create","cancelRequested":false,"apiVersion":"v2","requestResource":{"@type":"type.googleapis.com/google.cloud.functions.v2.Function","name":"projects/bright-edu-data/locations/asia-east1/functions/syncGoogleSheetsToFirestoreV4","buildConfig":{"runtime":"nodejs20","entryPoint":"syncGoogleSheetsToFirestoreV4","source":{"storageSource":{"bucket":"gcf-v2-sources-156805168089-asia-east1","object":"syncGoogleSheetsToFirestoreV4/function-source.zip","generation":"1756193313989730"}},"environmentVariables":{"GOOGLE_NODE_RUN_SCRIPTS":""},"serviceAccount":"projects/bright-edu-data/serviceAccounts/156805168089-compute@developer.gserviceaccount.com","automaticUpdatePolicy":{}},"serviceConfig":{"service":"projects/bright-edu-data/locations/asia-east1/services/syncgooglesheetstofirestorev4","timeoutSeconds":60,"environmentVariables":{"FIREBASE_CONFIG":"{\"projectId\":\"bright-edu-data\",\"storageBucket\":\"bright-edu-data.firebasestorage.app\"}","GCLOUD_PROJECT":"bright-edu-data","EVENTARC_CLOUD_EVENT_SOURCE":"projects/bright-edu-data/locations/asia-east1/services/syncGoogleSheetsToFirestoreV4","FUNCTION_TARGET":"syncGoogleSheetsToFirestoreV4","LOG_EXECUTION_ID":"true"},"ingressSettings":"ALLOW_ALL","serviceAccountEmail":"156805168089-compute@developer.gserviceaccount.com","availableMemory":"256Mi","maxInstanceRequestConcurrency":80,"availableCpu":"1"},"labels":{"deployment-tool":"cli-firebase","firebase-functions-hash":"0067d80ef5a3c9dd878b464d904b65886116ba36"},"environment":"GEN_2"},"stages":[{"name":"BUILD","message":"Build finished","state":"COMPLETE","resource":"projects/156805168089/locations/asia-east1/builds/9b03f6b6-c96f-431c-b0aa-7e1404f88f58","resourceUri":"https://console.cloud.google.com/cloud-build/builds;region=asia-east1/9b03f6b6-c96f-431c-b0aa-7e1404f88f58?project=156805168089"},{"name":"SERVICE","message":"Creating Cloud Run service","state":"IN_PROGRESS","resource":"projects/bright-edu-data/locations/asia-east1/services/syncgooglesheetstofirestorev4","resourceUri":"https://console.cloud.google.com/run/detail/asia-east1/syncgooglesheetstofirestorev4?project=bright-edu-data"}],"sourceToken":"ClZwcm9qZWN0cy8xNTY4MDUxNjgwODkvbG9jYXRpb25zL2FzaWEtZWFzdDEvYnVpbGRzLzliMDNmNmI2LWM5NmYtNDMxYy1iMGFhLTdlMTQwNGY4OGY1OBKEAWFzaWEtZWFzdDEtZG9ja2VyLnBrZy5kZXYvYnJpZ2h0LWVkdS1kYXRhL2djZi1hcnRpZmFjdHMvYnJpZ2h0LS1lZHUtLWRhdGFfX2FzaWEtLWVhc3QxX19zeW5jX2dvb2dsZV9zaGVldHNfdG9fZmlyZXN0b3JlX3Y0OnZlcnNpb25fMRjZ98OSyAQiVXByb2plY3RzL2JyaWdodC1lZHUtZGF0YS9sb2NhdGlvbnMvYXNpYS1lYXN0MS9mdW5jdGlvbnMvc3luY0dvb2dsZVNoZWV0c1RvRmlyZXN0b3JlVjQqDAjYxLXFBhDgg7fCAzIIbm9kZWpzMjA6dQojZ2NyLmlvL2dhZS1ydW50aW1lcy9ub2RlanMyMDpzdGFibGUSTmFzaWEtZWFzdDEtZG9ja2VyLnBrZy5kZXYvc2VydmVybGVzcy1ydW50aW1lcy9nb29nbGUtMjItZnVsbC9ydW50aW1lcy9ub2RlanMyMEAB","operationType":"CREATE_FUNCTION","buildName":"projects/156805168089/locations/asia-east1/builds/9b03f6b6-c96f-431c-b0aa-7e1404f88f58"},"done":false}
[debug] [2025-08-26T07:29:30.719Z] Got source token ClZwcm9qZWN0cy8xNTY4MDUxNjgwODkvbG9jYXRpb25zL2FzaWEtZWFzdDEvYnVpbGRzLzliMDNmNmI2LWM5NmYtNDMxYy1iMGFhLTdlMTQwNGY4OGY1OBKEAWFzaWEtZWFzdDEtZG9ja2VyLnBrZy5kZXYvYnJpZ2h0LWVkdS1kYXRhL2djZi1hcnRpZmFjdHMvYnJpZ2h0LS1lZHUtLWRhdGFfX2FzaWEtLWVhc3QxX19zeW5jX2dvb2dsZV9zaGVldHNfdG9fZmlyZXN0b3JlX3Y0OnZlcnNpb25fMRjZ98OSyAQiVXByb2plY3RzL2JyaWdodC1lZHUtZGF0YS9sb2NhdGlvbnMvYXNpYS1lYXN0MS9mdW5jdGlvbnMvc3luY0dvb2dsZVNoZWV0c1RvRmlyZXN0b3JlVjQqDAjYxLXFBhDgg7fCAzIIbm9kZWpzMjA6dQojZ2NyLmlvL2dhZS1ydW50aW1lcy9ub2RlanMyMDpzdGFibGUSTmFzaWEtZWFzdDEtZG9ja2VyLnBrZy5kZXYvc2VydmVybGVzcy1ydW50aW1lcy9nb29nbGUtMjItZnVsbC9ydW50aW1lcy9ub2RlanMyMEAB for region asia-east1
[debug] [2025-08-26T07:29:40.725Z] [create-default-asia-east1-syncGoogleSheetsToFirestoreV4] Retrying task index 0
[debug] [2025-08-26T07:29:40.726Z] Checked if tokens are valid: true, expires at: 1756195229509
[debug] [2025-08-26T07:29:40.726Z] Checked if tokens are valid: true, expires at: 1756195229509
[debug] [2025-08-26T07:29:40.726Z] >>> [apiv2][query] GET https://cloudfunctions.googleapis.com/v2/projects/bright-edu-data/locations/asia-east1/operations/operation-1756193313724-63d3f9e9f1758-99a8f5b4-72080bec [none]
[debug] [2025-08-26T07:29:40.811Z] <<< [apiv2][status] GET https://cloudfunctions.googleapis.com/v2/projects/bright-edu-data/locations/asia-east1/operations/operation-1756193313724-63d3f9e9f1758-99a8f5b4-72080bec 200
[debug] [2025-08-26T07:29:40.811Z] <<< [apiv2][body] GET https://cloudfunctions.googleapis.com/v2/projects/bright-edu-data/locations/asia-east1/operations/operation-1756193313724-63d3f9e9f1758-99a8f5b4-72080bec {"name":"projects/bright-edu-data/locations/asia-east1/operations/operation-1756193313724-63d3f9e9f1758-99a8f5b4-72080bec","metadata":{"@type":"type.googleapis.com/google.cloud.functions.v2.OperationMetadata","createTime":"2025-08-26T07:28:34.533773068Z","target":"projects/bright-edu-data/locations/asia-east1/functions/syncGoogleSheetsToFirestoreV4","verb":"create","cancelRequested":false,"apiVersion":"v2","requestResource":{"@type":"type.googleapis.com/google.cloud.functions.v2.Function","name":"projects/bright-edu-data/locations/asia-east1/functions/syncGoogleSheetsToFirestoreV4","buildConfig":{"runtime":"nodejs20","entryPoint":"syncGoogleSheetsToFirestoreV4","source":{"storageSource":{"bucket":"gcf-v2-sources-156805168089-asia-east1","object":"syncGoogleSheetsToFirestoreV4/function-source.zip","generation":"1756193313989730"}},"environmentVariables":{"GOOGLE_NODE_RUN_SCRIPTS":""},"serviceAccount":"projects/bright-edu-data/serviceAccounts/156805168089-compute@developer.gserviceaccount.com","automaticUpdatePolicy":{}},"serviceConfig":{"service":"projects/bright-edu-data/locations/asia-east1/services/syncgooglesheetstofirestorev4","timeoutSeconds":60,"environmentVariables":{"FIREBASE_CONFIG":"{\"projectId\":\"bright-edu-data\",\"storageBucket\":\"bright-edu-data.firebasestorage.app\"}","GCLOUD_PROJECT":"bright-edu-data","EVENTARC_CLOUD_EVENT_SOURCE":"projects/bright-edu-data/locations/asia-east1/services/syncGoogleSheetsToFirestoreV4","FUNCTION_TARGET":"syncGoogleSheetsToFirestoreV4","LOG_EXECUTION_ID":"true"},"ingressSettings":"ALLOW_ALL","serviceAccountEmail":"156805168089-compute@developer.gserviceaccount.com","availableMemory":"256Mi","maxInstanceRequestConcurrency":80,"availableCpu":"1"},"labels":{"deployment-tool":"cli-firebase","firebase-functions-hash":"0067d80ef5a3c9dd878b464d904b65886116ba36"},"environment":"GEN_2"},"stages":[{"name":"BUILD","message":"Build finished","state":"COMPLETE","resource":"projects/156805168089/locations/asia-east1/builds/9b03f6b6-c96f-431c-b0aa-7e1404f88f58","resourceUri":"https://console.cloud.google.com/cloud-build/builds;region=asia-east1/9b03f6b6-c96f-431c-b0aa-7e1404f88f58?project=156805168089"},{"name":"SERVICE","message":"Creating Cloud Run service","state":"IN_PROGRESS","resource":"projects/bright-edu-data/locations/asia-east1/services/syncgooglesheetstofirestorev4","resourceUri":"https://console.cloud.google.com/run/detail/asia-east1/syncgooglesheetstofirestorev4?project=bright-edu-data"}],"sourceToken":"ClZwcm9qZWN0cy8xNTY4MDUxNjgwODkvbG9jYXRpb25zL2FzaWEtZWFzdDEvYnVpbGRzLzliMDNmNmI2LWM5NmYtNDMxYy1iMGFhLTdlMTQwNGY4OGY1OBKEAWFzaWEtZWFzdDEtZG9ja2VyLnBrZy5kZXYvYnJpZ2h0LWVkdS1kYXRhL2djZi1hcnRpZmFjdHMvYnJpZ2h0LS1lZHUtLWRhdGFfX2FzaWEtLWVhc3QxX19zeW5jX2dvb2dsZV9zaGVldHNfdG9fZmlyZXN0b3JlX3Y0OnZlcnNpb25fMRjZ98OSyAQiVXByb2plY3RzL2JyaWdodC1lZHUtZGF0YS9sb2NhdGlvbnMvYXNpYS1lYXN0MS9mdW5jdGlvbnMvc3luY0dvb2dsZVNoZWV0c1RvRmlyZXN0b3JlVjQqDAjYxLXFBhDgg7fCAzIIbm9kZWpzMjA6dQojZ2NyLmlvL2dhZS1ydW50aW1lcy9ub2RlanMyMDpzdGFibGUSTmFzaWEtZWFzdDEtZG9ja2VyLnBrZy5kZXYvc2VydmVybGVzcy1ydW50aW1lcy9nb29nbGUtMjItZnVsbC9ydW50aW1lcy9ub2RlanMyMEAB","operationType":"CREATE_FUNCTION","buildName":"projects/156805168089/locations/asia-east1/builds/9b03f6b6-c96f-431c-b0aa-7e1404f88f58"},"done":false}
[debug] [2025-08-26T07:29:40.811Z] Got source token ClZwcm9qZWN0cy8xNTY4MDUxNjgwODkvbG9jYXRpb25zL2FzaWEtZWFzdDEvYnVpbGRzLzliMDNmNmI2LWM5NmYtNDMxYy1iMGFhLTdlMTQwNGY4OGY1OBKEAWFzaWEtZWFzdDEtZG9ja2VyLnBrZy5kZXYvYnJpZ2h0LWVkdS1kYXRhL2djZi1hcnRpZmFjdHMvYnJpZ2h0LS1lZHUtLWRhdGFfX2FzaWEtLWVhc3QxX19zeW5jX2dvb2dsZV9zaGVldHNfdG9fZmlyZXN0b3JlX3Y0OnZlcnNpb25fMRjZ98OSyAQiVXByb2plY3RzL2JyaWdodC1lZHUtZGF0YS9sb2NhdGlvbnMvYXNpYS1lYXN0MS9mdW5jdGlvbnMvc3luY0dvb2dsZVNoZWV0c1RvRmlyZXN0b3JlVjQqDAjYxLXFBhDgg7fCAzIIbm9kZWpzMjA6dQojZ2NyLmlvL2dhZS1ydW50aW1lcy9ub2RlanMyMDpzdGFibGUSTmFzaWEtZWFzdDEtZG9ja2VyLnBrZy5kZXYvc2VydmVybGVzcy1ydW50aW1lcy9nb29nbGUtMjItZnVsbC9ydW50aW1lcy9ub2RlanMyMEAB for region asia-east1
[debug] [2025-08-26T07:29:50.811Z] [create-default-asia-east1-syncGoogleSheetsToFirestoreV4] Retrying task index 0
[debug] [2025-08-26T07:29:50.811Z] Checked if tokens are valid: true, expires at: 1756195229509
[debug] [2025-08-26T07:29:50.811Z] Checked if tokens are valid: true, expires at: 1756195229509
[debug] [2025-08-26T07:29:50.811Z] >>> [apiv2][query] GET https://cloudfunctions.googleapis.com/v2/projects/bright-edu-data/locations/asia-east1/operations/operation-1756193313724-63d3f9e9f1758-99a8f5b4-72080bec [none]
[debug] [2025-08-26T07:29:50.878Z] <<< [apiv2][status] GET https://cloudfunctions.googleapis.com/v2/projects/bright-edu-data/locations/asia-east1/operations/operation-1756193313724-63d3f9e9f1758-99a8f5b4-72080bec 200
[debug] [2025-08-26T07:29:50.878Z] <<< [apiv2][body] GET https://cloudfunctions.googleapis.com/v2/projects/bright-edu-data/locations/asia-east1/operations/operation-1756193313724-63d3f9e9f1758-99a8f5b4-72080bec {"name":"projects/bright-edu-data/locations/asia-east1/operations/operation-1756193313724-63d3f9e9f1758-99a8f5b4-72080bec","metadata":{"@type":"type.googleapis.com/google.cloud.functions.v2.OperationMetadata","createTime":"2025-08-26T07:28:34.533773068Z","endTime":"2025-08-26T07:29:41.087216824Z","target":"projects/bright-edu-data/locations/asia-east1/functions/syncGoogleSheetsToFirestoreV4","verb":"create","cancelRequested":false,"apiVersion":"v2","requestResource":{"@type":"type.googleapis.com/google.cloud.functions.v2.Function","name":"projects/bright-edu-data/locations/asia-east1/functions/syncGoogleSheetsToFirestoreV4","buildConfig":{"runtime":"nodejs20","entryPoint":"syncGoogleSheetsToFirestoreV4","source":{"storageSource":{"bucket":"gcf-v2-sources-156805168089-asia-east1","object":"syncGoogleSheetsToFirestoreV4/function-source.zip","generation":"1756193313989730"}},"environmentVariables":{"GOOGLE_NODE_RUN_SCRIPTS":""},"serviceAccount":"projects/bright-edu-data/serviceAccounts/156805168089-compute@developer.gserviceaccount.com","automaticUpdatePolicy":{}},"serviceConfig":{"service":"projects/bright-edu-data/locations/asia-east1/services/syncgooglesheetstofirestorev4","timeoutSeconds":60,"environmentVariables":{"FIREBASE_CONFIG":"{\"projectId\":\"bright-edu-data\",\"storageBucket\":\"bright-edu-data.firebasestorage.app\"}","GCLOUD_PROJECT":"bright-edu-data","EVENTARC_CLOUD_EVENT_SOURCE":"projects/bright-edu-data/locations/asia-east1/services/syncGoogleSheetsToFirestoreV4","FUNCTION_TARGET":"syncGoogleSheetsToFirestoreV4","LOG_EXECUTION_ID":"true"},"ingressSettings":"ALLOW_ALL","serviceAccountEmail":"156805168089-compute@developer.gserviceaccount.com","availableMemory":"256Mi","maxInstanceRequestConcurrency":80,"availableCpu":"1"},"labels":{"deployment-tool":"cli-firebase","firebase-functions-hash":"0067d80ef5a3c9dd878b464d904b65886116ba36"},"environment":"GEN_2"},"stages":[{"name":"BUILD","message":"Build finished","state":"COMPLETE","resource":"projects/156805168089/locations/asia-east1/builds/9b03f6b6-c96f-431c-b0aa-7e1404f88f58","resourceUri":"https://console.cloud.google.com/cloud-build/builds;region=asia-east1/9b03f6b6-c96f-431c-b0aa-7e1404f88f58?project=156805168089"},{"name":"SERVICE","message":"Creating Cloud Run service","state":"COMPLETE","resource":"projects/bright-edu-data/locations/asia-east1/services/syncgooglesheetstofirestorev4","resourceUri":"https://console.cloud.google.com/run/detail/asia-east1/syncgooglesheetstofirestorev4?project=bright-edu-data"}],"sourceToken":"ClZwcm9qZWN0cy8xNTY4MDUxNjgwODkvbG9jYXRpb25zL2FzaWEtZWFzdDEvYnVpbGRzLzliMDNmNmI2LWM5NmYtNDMxYy1iMGFhLTdlMTQwNGY4OGY1OBKEAWFzaWEtZWFzdDEtZG9ja2VyLnBrZy5kZXYvYnJpZ2h0LWVkdS1kYXRhL2djZi1hcnRpZmFjdHMvYnJpZ2h0LS1lZHUtLWRhdGFfX2FzaWEtLWVhc3QxX19zeW5jX2dvb2dsZV9zaGVldHNfdG9fZmlyZXN0b3JlX3Y0OnZlcnNpb25fMRjZ98OSyAQiVXByb2plY3RzL2JyaWdodC1lZHUtZGF0YS9sb2NhdGlvbnMvYXNpYS1lYXN0MS9mdW5jdGlvbnMvc3luY0dvb2dsZVNoZWV0c1RvRmlyZXN0b3JlVjQqDAjYxLXFBhDgg7fCAzIIbm9kZWpzMjA6dQojZ2NyLmlvL2dhZS1ydW50aW1lcy9ub2RlanMyMDpzdGFibGUSTmFzaWEtZWFzdDEtZG9ja2VyLnBrZy5kZXYvc2VydmVybGVzcy1ydW50aW1lcy9nb29nbGUtMjItZnVsbC9ydW50aW1lcy9ub2RlanMyMEAB","operationType":"CREATE_FUNCTION","buildName":"projects/156805168089/locations/asia-east1/builds/9b03f6b6-c96f-431c-b0aa-7e1404f88f58"},"done":true,"response":{"@type":"type.googleapis.com/google.cloud.functions.v2.Function","name":"projects/bright-edu-data/locations/asia-east1/functions/syncGoogleSheetsToFirestoreV4","buildConfig":{"build":"projects/156805168089/locations/asia-east1/builds/9b03f6b6-c96f-431c-b0aa-7e1404f88f58","runtime":"nodejs20","entryPoint":"syncGoogleSheetsToFirestoreV4","source":{"storageSource":{"bucket":"gcf-v2-sources-156805168089-asia-east1","object":"syncGoogleSheetsToFirestoreV4/function-source.zip","generation":"1756193313989730"}},"environmentVariables":{"GOOGLE_NODE_RUN_SCRIPTS":""},"dockerRepository":"projects/bright-edu-data/locations/asia-east1/repositories/gcf-artifacts","sourceProvenance":{"resolvedStorageSource":{"bucket":"gcf-v2-sources-156805168089-asia-east1","object":"syncGoogleSheetsToFirestoreV4/function-source.zip","generation":"1756193313989730"}},"dockerRegistry":"ARTIFACT_REGISTRY","serviceAccount":"projects/bright-edu-data/serviceAccounts/156805168089-compute@developer.gserviceaccount.com","automaticUpdatePolicy":{}},"serviceConfig":{"service":"projects/bright-edu-data/locations/asia-east1/services/syncgooglesheetstofirestorev4","timeoutSeconds":60,"environmentVariables":{"FIREBASE_CONFIG":"{\"projectId\":\"bright-edu-data\",\"storageBucket\":\"bright-edu-data.firebasestorage.app\"}","GCLOUD_PROJECT":"bright-edu-data","EVENTARC_CLOUD_EVENT_SOURCE":"projects/bright-edu-data/locations/asia-east1/services/syncGoogleSheetsToFirestoreV4","FUNCTION_TARGET":"syncGoogleSheetsToFirestoreV4","LOG_EXECUTION_ID":"true"},"maxInstanceCount":20,"ingressSettings":"ALLOW_ALL","uri":"https://syncgooglesheetstofirestorev4-e6ubda5zsa-de.a.run.app","serviceAccountEmail":"156805168089-compute@developer.gserviceaccount.com","availableMemory":"256Mi","allTrafficOnLatestRevision":true,"revision":"syncgooglesheetstofirestorev4-00001-bum","maxInstanceRequestConcurrency":80,"availableCpu":"1"},"state":"ACTIVE","updateTime":"2025-08-26T07:28:34.530023131Z","labels":{"deployment-tool":"cli-firebase","firebase-functions-hash":"0067d80ef5a3c9dd878b464d904b65886116ba36"},"environment":"GEN_2","url":"https://asia-east1-bright-edu-data.cloudfunctions.net/syncGoogleSheetsToFirestoreV4","createTime":"2025-08-26T07:28:34.530023131Z","satisfiesPzi":true}}
[debug] [2025-08-26T07:29:50.878Z] Got source token ClZwcm9qZWN0cy8xNTY4MDUxNjgwODkvbG9jYXRpb25zL2FzaWEtZWFzdDEvYnVpbGRzLzliMDNmNmI2LWM5NmYtNDMxYy1iMGFhLTdlMTQwNGY4OGY1OBKEAWFzaWEtZWFzdDEtZG9ja2VyLnBrZy5kZXYvYnJpZ2h0LWVkdS1kYXRhL2djZi1hcnRpZmFjdHMvYnJpZ2h0LS1lZHUtLWRhdGFfX2FzaWEtLWVhc3QxX19zeW5jX2dvb2dsZV9zaGVldHNfdG9fZmlyZXN0b3JlX3Y0OnZlcnNpb25fMRjZ98OSyAQiVXByb2plY3RzL2JyaWdodC1lZHUtZGF0YS9sb2NhdGlvbnMvYXNpYS1lYXN0MS9mdW5jdGlvbnMvc3luY0dvb2dsZVNoZWV0c1RvRmlyZXN0b3JlVjQqDAjYxLXFBhDgg7fCAzIIbm9kZWpzMjA6dQojZ2NyLmlvL2dhZS1ydW50aW1lcy9ub2RlanMyMDpzdGFibGUSTmFzaWEtZWFzdDEtZG9ja2VyLnBrZy5kZXYvc2VydmVybGVzcy1ydW50aW1lcy9nb29nbGUtMjItZnVsbC9ydW50aW1lcy9ub2RlanMyMEAB for region asia-east1
[debug] [2025-08-26T07:29:50.879Z] Checked if tokens are valid: true, expires at: 1756195229509
[debug] [2025-08-26T07:29:50.879Z] Checked if tokens are valid: true, expires at: 1756195229509
[debug] [2025-08-26T07:29:50.879Z] >>> [apiv2][query] POST https://run.googleapis.com/v1/projects/bright-edu-data/locations/asia-east1/services/syncgooglesheetstofirestorev4:setIamPolicy [none]
[debug] [2025-08-26T07:29:50.879Z] >>> [apiv2][body] POST https://run.googleapis.com/v1/projects/bright-edu-data/locations/asia-east1/services/syncgooglesheetstofirestorev4:setIamPolicy {"policy":{"bindings":[{"role":"roles/run.invoker","members":["allUsers"]}],"etag":"","version":3},"updateMask":"bindings,etag,version"}
[debug] [2025-08-26T07:29:51.234Z] <<< [apiv2][status] POST https://run.googleapis.com/v1/projects/bright-edu-data/locations/asia-east1/services/syncgooglesheetstofirestorev4:setIamPolicy 400
[debug] [2025-08-26T07:29:51.234Z] <<< [apiv2][body] POST https://run.googleapis.com/v1/projects/bright-edu-data/locations/asia-east1/services/syncgooglesheetstofirestorev4:setIamPolicy {"error":{"code":400,"message":"One or more users named in the policy do not belong to a permitted customer,  perhaps due to an organization policy.","status":"FAILED_PRECONDITION"}}
[error] Failed to set the IAM Policy on the Service projects/bright-edu-data/locations/asia-east1/services/syncgooglesheetstofirestorev4
[debug] [2025-08-26T07:29:51.238Z] Total Function Deployment time: 77520
[debug] [2025-08-26T07:29:51.238Z] 1 Functions Deployed
[debug] [2025-08-26T07:29:51.238Z] 1 Functions Errored
[debug] [2025-08-26T07:29:51.238Z] 0 Function Deployments Aborted
[debug] [2025-08-26T07:29:51.238Z] Average Function Deployment time: 77520
[info] 
[info] Functions deploy had errors with the following functions:
	syncGoogleSheetsToFirestoreV4(asia-east1)
[info] 
[info] Unable to set the invoker for the IAM policy on the following functions:
	syncGoogleSheetsToFirestoreV4(asia-east1)
[info] 
[info] Some common causes of this:
[info] 
[info] - You may not have the roles/functions.admin IAM role. Note that roles/functions.developer does not allow you to change IAM policies.
[info] 
[info] - An organization policy that restricts Network Access on your project.
[info] 
[info] One or more functions were being implicitly made publicly available on function create.
[info] Functions are not implicitly made public on updates. To try to make these functions public on next deploy, configure these functions with invoker set to "public"
[debug] [2025-08-26T07:29:51.283Z] Not printing URL for HTTPS function. Typically this means it didn't match a filter or we failed deployment
[info] Function URL (syncGoogleSheetsToFirestoreV4(asia-east1)): https://asia-east1-bright-edu-data.cloudfunctions.net/syncGoogleSheetsToFirestoreV4
[debug] [2025-08-26T07:29:51.283Z] Not printing URL for HTTPS function. Typically this means it didn't match a filter or we failed deployment
[debug] [2025-08-26T07:29:51.283Z] Checked if tokens are valid: true, expires at: 1756195229509
[debug] [2025-08-26T07:29:51.283Z] Checked if tokens are valid: true, expires at: 1756195229509
[debug] [2025-08-26T07:29:51.283Z] >>> [apiv2][query] GET https://artifactregistry.googleapis.com/v1/projects/bright-edu-data/locations/asia-east1/repositories/gcf-artifacts [none]
[debug] [2025-08-26T07:29:51.378Z] <<< [apiv2][status] GET https://artifactregistry.googleapis.com/v1/projects/bright-edu-data/locations/asia-east1/repositories/gcf-artifacts 200
[debug] [2025-08-26T07:29:51.378Z] <<< [apiv2][body] GET https://artifactregistry.googleapis.com/v1/projects/bright-edu-data/locations/asia-east1/repositories/gcf-artifacts {"name":"projects/bright-edu-data/locations/asia-east1/repositories/gcf-artifacts","format":"DOCKER","description":"This repository is created and used by Cloud Functions for storing function docker images.","labels":{"goog-managed-by":"cloudfunctions"},"createTime":"2025-08-11T06:34:37.672953Z","updateTime":"2025-08-26T07:29:26.677414Z","mode":"STANDARD_REPOSITORY","cleanupPolicies":{"firebase-functions-cleanup":{"id":"firebase-functions-cleanup","action":"DELETE","condition":{"tagState":"ANY","olderThan":"86400s"}}},"sizeBytes":"358667150","vulnerabilityScanningConfig":{"lastEnableTime":"2025-08-11T06:34:36.360354382Z","enablementState":"SCANNING_DISABLED","enablementStateReason":"API containerscanning.googleapis.com is not enabled."},"satisfiesPzi":true,"registryUri":"asia-east1-docker.pkg.dev/bright-edu-data/gcf-artifacts"}
[debug] [2025-08-26T07:29:51.378Z] Functions deploy failed.
[debug] [2025-08-26T07:29:51.378Z] {
  "endpoint": {
    "id": "syncGoogleSheetsToFirestoreV4",
    "project": "bright-edu-data",
    "region": "asia-east1",
    "entryPoint": "syncGoogleSheetsToFirestoreV4",
    "platform": "gcfv2",
    "runtime": "nodejs20",
    "httpsTrigger": {},
    "labels": {
      "deployment-tool": "cli-firebase"
    },
    "serviceAccount": null,
    "ingressSettings": null,
    "availableMemoryMb": null,
    "timeoutSeconds": null,
    "maxInstances": null,
    "minInstances": null,
    "concurrency": 80,
    "vpc": null,
    "environmentVariables": {
      "FIREBASE_CONFIG": "{\"projectId\":\"bright-edu-data\",\"storageBucket\":\"bright-edu-data.firebasestorage.app\"}",
      "GCLOUD_PROJECT": "bright-edu-data",
      "EVENTARC_CLOUD_EVENT_SOURCE": "projects/bright-edu-data/locations/asia-east1/services/syncGoogleSheetsToFirestoreV4"
    },
    "codebase": "default",
    "cpu": 1,
    "targetedByOnly": true,
    "hash": "0067d80ef5a3c9dd878b464d904b65886116ba36",
    "uri": "https://asia-east1-bright-edu-data.cloudfunctions.net/syncGoogleSheetsToFirestoreV4",
    "runServiceId": "syncgooglesheetstofirestorev4"
  },
  "op": "set invoker",
  "original": {
    "name": "FirebaseError",
    "children": [],
    "exit": 1,
    "message": "Failed to set the IAM Policy on the Service projects/bright-edu-data/locations/asia-east1/services/syncgooglesheetstofirestorev4",
    "original": {
      "name": "FirebaseError",
      "children": [],
      "context": {
        "body": {
          "error": {
            "code": 400,
            "message": "One or more users named in the policy do not belong to a permitted customer,  perhaps due to an organization policy.",
            "status": "FAILED_PRECONDITION"
          }
        },
        "response": {
          "statusCode": 400
        }
      },
      "exit": 1,
      "message": "Request to https://run.googleapis.com/v1/projects/bright-edu-data/locations/asia-east1/services/syncgooglesheetstofirestorev4:setIamPolicy had HTTP Error: 400, One or more users named in the policy do not belong to a permitted customer,  perhaps due to an organization policy.",
      "status": 400
    },
    "status": 400,
    "code": 400
  }
}
[debug] [2025-08-26T07:29:51.390Z] Error: Failed to set invoker function syncGoogleSheetsToFirestoreV4 in region asia-east1
    at C:\Users\princ\AppData\Roaming\npm\node_modules\firebase-tools\lib\deploy\functions\release\fabricator.js:52:11
    at process.processTicksAndRejections (node:internal/process/task_queues:105:5)
    at async Fabricator.createV2Function (C:\Users\princ\AppData\Roaming\npm\node_modules\firebase-tools\lib\deploy\functions\release\fabricator.js:309:17)
    at async Fabricator.createEndpoint (C:\Users\princ\AppData\Roaming\npm\node_modules\firebase-tools\lib\deploy\functions\release\fabricator.js:137:13)
    at async handle (C:\Users\princ\AppData\Roaming\npm\node_modules\firebase-tools\lib\deploy\functions\release\fabricator.js:89:17)
[error] 
[error] Error: There was an error deploying functions
